0 10.2973 0.789493
1 9.69462 0.706763
2 9.23525 0.635745
3 8.865 0.642613
4 8.60282 0.577414
5 8.30743 0.533389
6 8.07351 0.513738
7 7.85809 0.536953
8 7.65851 0.44356
9 7.82108 0.526043
10 7.6102 0.558465
11 7.38266 0.542141
12 7.29069 0.500142
13 7.11029 0.494064
14 7.02008 0.46731
15 6.89172 0.499233
16 6.79265 0.457555
17 6.65563 0.49849
18 6.49671 0.524997
19 6.43543 0.513583
20 6.3674 0.489539
21 6.21271 0.480688
22 6.55972 0.566261
23 6.38423 0.523938
24 6.27011 0.499686
25 6.17608 0.482783
26 6.11363 0.45408
27 6.02033 0.458265
28 5.90819 0.421916
29 5.92437 0.430025
30 5.85497 0.44088
31 5.83083 0.45934
32 6.16639 0.580495
33 5.92479 0.521848
34 5.7667 0.453802
35 6.11281 0.530421
36 5.97107 0.497139
37 5.83461 0.450526
38 5.75706 0.437861
39 5.66527 0.412329
40 5.58946 0.4455
41 5.52095 0.451718
42 5.40139 0.446744
43 5.27397 0.42196
44 5.21605 0.430584
45 5.13549 0.367551
46 5.05623 0.328194
47 4.93842 0.343074
48 4.83768 0.359579
49 4.73071 0.373992
50 4.61247 0.377851
51 4.49275 0.347602
52 4.40442 0.33668
53 4.30764 0.319859
54 4.23119 0.317946
55 4.11512 0.318445
56 4.01136 0.328059
57 4.4707 0.428308
58 4.76096 0.477263
59 4.49855 0.410824
60 4.78471 0.499069
61 5.04339 0.55656
62 4.76706 0.496357
63 4.47119 0.446364
64 4.23589 0.386713
65 4.10033 0.373397
66 4.44248 0.430701
67 4.16224 0.382115
68 3.975 0.340135
69 3.80363 0.330326
70 3.61052 0.321719
71 3.43183 0.293763
72 3.27685 0.256932
73 3.10588 0.253337
74 2.98234 0.223771
75 2.84983 0.188856
76 2.70549 0.189125
77 2.56564 0.173671
78 2.44187 0.169972
79 2.30093 0.174993
80 2.18075 0.149027
81 2.06054 0.147641
82 1.9521 0.124802
83 1.83634 0.121111
84 1.75911 0.109221
85 1.67577 0.104213
86 1.60383 0.0974129
87 1.51522 0.0944331
88 1.45469 0.0846202
89 1.40079 0.0724952
90 1.35377 0.0599699
91 1.31397 0.0554927
92 1.27259 0.0474565
93 1.22382 0.0438067
94 1.1851 0.0355474
95 1.15368 0.031442
96 1.13036 0.0260139
97 1.10988 0.0230266
98 1.09138 0.0191167
99 1.07469 0.0186904
100 1.0597 0.0187083
101 1.54704 0.357067
102 1.21037 0.142464
103 1.10041 0.0435197
104 1.06725 0.0159034
105 1.05745 0.0146606
106 1.05041 0.0171936
107 1.04324 0.0196787
108 1.03725 0.0213685
109 1.02347 0.0217986
110 1.00471 0.00785459
111 0.999135 0.00664921
112 0.994862 0.00527048
113 0.990086 0.00262483
114 0.988344 0.00255099
115 0.98624 0.00218378
116 0.98422 0.000910538
117 0.983466 6.45709e-05
118 0.983457 1.4457e-15
119 0.983457 1.4457e-15
120 0.983457 1.4457e-15
121 0.983457 1.4457e-15
122 0.983457 1.4457e-15
123 0.983457 1.4457e-15
124 0.983457 1.4457e-15
125 0.983457 1.4457e-15
126 0.983457 1.4457e-15
127 0.983457 1.4457e-15
128 0.983457 1.4457e-15
129 0.983457 1.4457e-15
130 0.983457 1.4457e-15
131 0.983457 1.4457e-15
132 0.983457 1.4457e-15
133 0.983457 1.4457e-15
134 0.983457 1.4457e-15
135 0.983457 1.4457e-15
136 0.983457 1.4457e-15
137 0.983457 1.4457e-15
138 0.983457 1.4457e-15
139 0.983457 1.4457e-15
140 1.41978 0.328392
141 1.14966 0.138939
142 1.0229 0.0471795
143 0.983457 1.4457e-15
144 0.983457 1.4457e-15
145 0.983457 1.4457e-15
146 0.983457 1.4457e-15
147 0.983457 1.4457e-15
148 0.983457 1.4457e-15
149 0.983457 1.4457e-15
150 0.983457 1.4457e-15
151 0.983457 1.4457e-15
152 0.983457 1.4457e-15
153 0.983457 1.4457e-15
154 0.983457 1.4457e-15
155 0.983457 1.4457e-15
156 0.983457 1.4457e-15
157 0.983457 1.4457e-15
158 0.983457 1.4457e-15
159 0.983457 1.4457e-15
160 0.983457 1.4457e-15
161 1.50154 0.36414
162 1.19769 0.176693
163 1.05179 0.0694473
164 0.991225 0.01312
165 0.983457 1.4457e-15
166 0.983457 1.4457e-15
167 0.983457 1.4457e-15
168 0.983457 1.4457e-15
169 0.983457 1.4457e-15
170 0.983457 1.4457e-15
171 0.983457 1.4457e-15
172 0.983457 1.4457e-15
173 0.983457 1.4457e-15
174 0.983457 1.4457e-15
175 0.983457 1.4457e-15
176 0.983457 1.4457e-15
177 0.983457 1.4457e-15
178 0.983457 1.4457e-15
179 0.983457 1.4457e-15
180 0.983457 1.4457e-15
181 0.983457 1.4457e-15
182 1.46608 0.323315
183 1.20081 0.169546
184 1.05212 0.0731108
185 0.988712 0.0107552
186 0.983457 1.4457e-15
187 0.983457 1.4457e-15
188 0.983457 1.4457e-15
189 0.983457 1.4457e-15
190 0.983457 1.4457e-15
191 0.983457 1.4457e-15
192 0.983457 1.4457e-15
193 0.983457 1.4457e-15
194 0.983457 1.4457e-15
195 0.983457 1.4457e-15
196 0.983457 1.4457e-15
197 0.983457 1.4457e-15
198 0.983457 1.4457e-15
199 0.983457 1.4457e-15
200 0.983457 1.4457e-15
201 0.983457 1.4457e-15
202 0.983457 1.4457e-15
203 0.983457 1.4457e-15
204 0.983457 1.4457e-15
205 0.983457 1.4457e-15
206 0.983457 1.4457e-15
207 0.983457 1.4457e-15
208 1.43587 0.328781
209 1.16457 0.140152
210 1.03387 0.056611
211 1.44901 0.338992
212 1.13851 0.12447
213 1.03051 0.0405177
214 0.993639 0.012845
215 0.983457 1.4457e-15
216 0.983457 1.4457e-15
217 1.41029 0.325237
218 1.13836 0.133658
219 1.01923 0.0419104
220 0.983678 0.000993267
221 0.983457 1.4457e-15
222 0.983457 1.4457e-15
223 0.983457 1.4457e-15
224 0.983457 1.4457e-15
225 0.983457 1.4457e-15
226 0.983457 1.4457e-15
227 0.983457 1.4457e-15
228 0.983457 1.4457e-15
229 0.983457 1.4457e-15
230 0.983457 1.4457e-15
231 0.983457 1.4457e-15
232 0.983457 1.4457e-15
233 0.983457 1.4457e-15
234 0.983457 1.4457e-15
235 0.983457 1.4457e-15
236 0.983457 1.4457e-15
237 0.983457 1.4457e-15
238 0.983457 1.4457e-15
239 0.983457 1.4457e-15
240 0.983457 1.4457e-15
241 0.983457 1.4457e-15
242 0.983457 1.4457e-15
243 0.983457 1.4457e-15
244 0.983457 1.4457e-15
245 0.983457 1.4457e-15
246 0.983457 1.4457e-15
247 0.983457 1.4457e-15
248 0.983457 1.4457e-15
249 0.983457 1.4457e-15
250 0.983457 1.4457e-15
251 0.983457 1.4457e-15
252 0.983457 1.4457e-15
253 0.983457 1.4457e-15
254 0.983457 1.4457e-15
255 0.983457 1.4457e-15
256 0.983457 1.4457e-15
257 0.983457 1.4457e-15
258 0.983457 1.4457e-15
259 0.983457 1.4457e-15
260 0.983457 1.4457e-15
261 1.34911 0.270018
262 1.10315 0.104269
263 1.01635 0.033714
264 0.983854 0.00131765
265 0.983457 1.4457e-15
266 0.983457 1.4457e-15
267 0.983457 1.4457e-15
268 0.983457 1.4457e-15
269 0.983457 1.4457e-15
270 0.983457 1.4457e-15
271 0.983457 1.4457e-15
272 0.983457 1.4457e-15
273 0.983457 1.4457e-15
274 0.983457 1.4457e-15
275 0.983457 1.4457e-15
276 0.983457 1.4457e-15
277 0.983457 1.4457e-15
278 0.983457 1.4457e-15
279 0.983457 1.4457e-15
280 0.983457 1.4457e-15
281 0.983457 1.4457e-15
282 0.983457 1.4457e-15
283 0.983457 1.4457e-15
284 0.983457 1.4457e-15
285 0.983457 1.4457e-15
286 0.983457 1.4457e-15
287 0.983457 1.4457e-15
288 0.983457 1.4457e-15
289 0.983457 1.4457e-15
290 0.983457 1.4457e-15
291 0.983457 1.4457e-15
292 0.983457 1.4457e-15
293 0.983457 1.4457e-15
294 0.983457 1.4457e-15
295 0.983457 1.4457e-15
296 1.4318 0.326203
297 1.13837 0.14243
298 1.0169 0.0432874
299 0.983457 1.4457e-15
300 0.983457 1.4457e-15
301 0.983457 1.4457e-15
302 0.983457 1.4457e-15
303 0.983457 1.4457e-15
304 0.983457 1.4457e-15
305 0.983457 1.4457e-15
306 0.983457 1.4457e-15
307 0.983457 1.4457e-15
308 0.983457 1.4457e-15
309 0.983457 1.4457e-15
310 1.46117 0.328017
311 1.17527 0.17152
312 1.02217 0.049202
313 0.983469 7.4306e-05
314 0.983457 1.4457e-15
315 0.983457 1.4457e-15
316 0.983457 1.4457e-15
317 0.983457 1.4457e-15
318 0.983457 1.4457e-15
319 0.983457 1.4457e-15
320 0.983457 1.4457e-15
321 0.983457 1.4457e-15
322 0.983457 1.4457e-15
323 0.983457 1.4457e-15
324 0.983457 1.4457e-15
325 0.983457 1.4457e-15
326 1.39045 0.288716
327 1.14925 0.124546
328 1.03428 0.0522928
329 0.984602 0.00238141
330 0.983457 1.4457e-15
331 0.983457 1.4457e-15
332 0.983457 1.4457e-15
333 0.983457 1.4457e-15
334 0.983457 1.4457e-15
335 0.983457 1.4457e-15
336 0.983457 1.4457e-15
337 0.983457 1.4457e-15
338 0.983457 1.4457e-15
339 0.983457 1.4457e-15
340 0.983457 1.4457e-15
341 0.983457 1.4457e-15
342 0.983457 1.4457e-15
343 0.983457 1.4457e-15
344 1.44497 0.329582
345 1.14853 0.142375
346 1.0162 0.0411856
347 1.43956 0.316175
348 1.18276 0.154792
349 1.05007 0.0593398
350 0.995732 0.0166409
351 0.983651 0.000592833
352 0.983457 1.4457e-15
353 0.983457 1.4457e-15
354 0.983457 1.4457e-15
355 0.983457 1.4457e-15
356 0.983457 1.4457e-15
357 0.983457 1.4457e-15
358 0.983457 1.4457e-15
359 0.983457 1.4457e-15
360 0.983457 1.4457e-15
361 1.41808 0.312992
362 1.15486 0.13812
363 1.03282 0.0557411
364 0.983693 0.00102896
365 0.983457 1.4457e-15
366 0.983457 1.4457e-15
367 0.983457 1.4457e-15
368 0.983457 1.4457e-15
369 0.983457 1.4457e-15
370 0.983457 1.4457e-15
371 0.983457 1.4457e-15
372 0.983457 1.4457e-15
373 0.983457 1.4457e-15
374 0.983457 1.4457e-15
375 0.983457 1.4457e-15
376 0.983457 1.4457e-15
377 0.983457 1.4457e-15
378 0.983457 1.4457e-15
379 0.983457 1.4457e-15
380 0.983457 1.4457e-15
381 0.983457 1.4457e-15
382 0.983457 1.4457e-15
383 0.983457 1.4457e-15
384 0.983457 1.4457e-15
385 0.983457 1.4457e-15
386 0.983457 1.4457e-15
387 0.983457 1.4457e-15
388 0.983457 1.4457e-15
389 0.983457 1.4457e-15
390 0.983457 1.4457e-15
391 0.983457 1.4457e-15
392 0.983457 1.4457e-15
393 0.983457 1.4457e-15
394 0.983457 1.4457e-15
395 0.983457 1.4457e-15
396 0.983457 1.4457e-15
397 0.983457 1.4457e-15
398 0.983457 1.4457e-15
399 0.983457 1.4457e-15
400 0.983457 1.4457e-15
401 0.983457 1.4457e-15
402 0.983457 1.4457e-15
403 0.983457 1.4457e-15
404 0.983457 1.4457e-15
405 0.983457 1.4457e-15
406 0.983457 1.4457e-15
407 0.983457 1.4457e-15
408 0.983457 1.4457e-15
409 0.983457 1.4457e-15
410 0.983457 1.4457e-15
411 0.983457 1.4457e-15
412 0.983457 1.4457e-15
413 0.983457 1.4457e-15
414 0.983457 1.4457e-15
415 0.983457 1.4457e-15
416 0.983457 1.4457e-15
417 0.983457 1.4457e-15
418 0.983457 1.4457e-15
419 0.983457 1.4457e-15
420 0.983457 1.4457e-15
421 0.983457 1.4457e-15
422 0.983457 1.4457e-15
423 0.983457 1.4457e-15
424 0.983457 1.4457e-15
425 0.983457 1.4457e-15
426 0.983457 1.4457e-15
427 0.983457 1.4457e-15
428 0.983457 1.4457e-15
429 0.983457 1.4457e-15
430 0.983457 1.4457e-15
431 0.983457 1.4457e-15
432 0.983457 1.4457e-15
433 0.983457 1.4457e-15
434 0.983457 1.4457e-15
435 0.983457 1.4457e-15
436 0.983457 1.4457e-15
437 0.983457 1.4457e-15
438 0.983457 1.4457e-15
439 0.983457 1.4457e-15
440 0.983457 1.4457e-15
441 0.983457 1.4457e-15
442 0.983457 1.4457e-15
443 0.983457 1.4457e-15
444 0.983457 1.4457e-15
445 0.983457 1.4457e-15
446 0.983457 1.4457e-15
447 0.983457 1.4457e-15
448 0.983457 1.4457e-15
449 0.983457 1.4457e-15
450 0.983457 1.4457e-15
451 0.983457 1.4457e-15
452 0.983457 1.4457e-15
453 0.983457 1.4457e-15
454 0.983457 1.4457e-15
455 0.983457 1.4457e-15
456 1.45891 0.346732
457 1.17128 0.152417
458 1.02923 0.0516985
459 0.983777 0.00131567
460 0.983457 1.4457e-15
461 0.983457 1.4457e-15
462 0.983457 1.4457e-15
463 0.983457 1.4457e-15
464 0.983457 1.4457e-15
465 0.983457 1.4457e-15
466 0.983457 1.4457e-15
467 0.983457 1.4457e-15
468 0.983457 1.4457e-15
469 0.983457 1.4457e-15
470 0.983457 1.4457e-15
471 0.983457 1.4457e-15
472 0.983457 1.4457e-15
473 0.983457 1.4457e-15
474 0.983457 1.4457e-15
475 0.983457 1.4457e-15
476 0.983457 1.4457e-15
477 0.983457 1.4457e-15
478 0.983457 1.4457e-15
479 0.983457 1.4457e-15
480 0.983457 1.4457e-15
481 0.983457 1.4457e-15
482 0.983457 1.4457e-15
483 0.983457 1.4457e-15
484 0.983457 1.4457e-15
485 0.983457 1.4457e-15
486 0.983457 1.4457e-15
487 0.983457 1.4457e-15
488 0.983457 1.4457e-15
489 0.983457 1.4457e-15
490 0.983457 1.4457e-15
491 0.983457 1.4457e-15
492 0.983457 1.4457e-15
493 0.983457 1.4457e-15
494 0.983457 1.4457e-15
495 0.983457 1.4457e-15
496 0.983457 1.4457e-15
497 0.983457 1.4457e-15
498 0.983457 1.4457e-15
499 0.983457 1.4457e-15
