0 59.138 4.72613
1 55.6947 4.29778
2 52.9684 3.97112
3 50.1858 3.56007
4 48.1899 3.6347
5 46.3544 3.83633
6 44.1352 3.5544
7 42.6433 3.76653
8 41.5165 3.54102
9 42.0054 3.97294
10 40.6604 3.557
11 39.3182 3.5464
12 38.7825 3.40122
13 37.587 3.32495
14 36.9792 3.17422
15 36.5617 2.97347
16 35.4004 3.10998
17 35.2382 2.69025
18 34.8983 2.88705
19 34.4115 3.04864
20 33.5682 3.1229
21 32.8115 3.20398
22 34.7055 3.38337
23 33.8297 3.23401
24 32.7907 3.09609
25 31.8411 3.01671
26 31.1646 2.9288
27 30.1469 2.95211
28 29.6518 2.7439
29 28.8921 2.43965
30 27.9729 2.49193
31 27.1613 2.38087
32 29.0646 3.36065
33 26.7703 2.91498
34 25.4482 2.53233
35 27.009 3.11517
36 25.3875 2.46552
37 24.031 2.16589
38 22.8959 1.8155
39 21.8445 1.65427
40 20.8343 1.83608
41 19.7216 1.69231
42 18.8102 1.68724
43 17.9256 1.64886
44 17 1.6715
45 16.1838 1.46728
46 15.1643 1.40856
47 14.2309 1.33192
48 13.663 1.13191
49 13.0998 1.10897
50 12.4534 1.0332
51 11.9495 1.04398
52 11.5237 1.12609
53 11.0668 1.14993
54 10.6558 1.00409
55 10.3249 0.869687
56 9.9746 0.854704
57 12.9177 2.51293
58 14.9218 2.77409
59 13.1239 1.77161
60 14.6148 2.31938
61 16.1409 2.70106
62 14.7939 1.77029
63 13.766 1.48326
64 13.1283 1.1332
65 12.6968 1.11829
66 14.67 2.14163
67 13.3119 1.5032
68 12.5556 1.28105
69 11.8937 1.20515
70 11.2837 1.07836
71 10.8515 0.950314
72 10.4414 0.845863
73 10.1925 0.799941
74 9.88138 0.722248
75 9.56833 0.625168
76 9.31716 0.631112
77 9.0769 0.583296
78 8.82906 0.56511
79 8.6296 0.539135
80 8.47282 0.473873
81 8.28888 0.465055
82 8.14275 0.468601
83 7.86592 0.435551
84 7.75147 0.367206
85 7.53123 0.371485
86 7.3779 0.350053
87 7.1674 0.348201
88 6.99824 0.296609
89 6.83911 0.296938
90 6.68373 0.277652
91 6.52636 0.235527
92 6.3578 0.212877
93 6.17589 0.268631
94 6.03396 0.285192
95 5.89803 0.338198
96 5.71954 0.409155
97 5.48053 0.528415
98 5.22668 0.574234
99 4.80862 0.575212
100 4.31879 0.43273
101 6.66155 2.43358
102 4.57697 0.554715
103 4.11045 0.323463
104 3.83316 0.217948
105 3.63377 0.122539
106 3.51649 0.0937122
107 3.43603 0.0784901
108 3.36911 0.0666075
109 3.30057 0.0467197
110 3.26045 0.0302211
111 3.23336 0.0225798
112 3.21525 0.0151159
113 3.20255 0.0114003
114 3.19261 0.00841364
115 3.18507 0.00668769
116 3.17911 0.0047303
117 3.17508 0.0032977
118 3.17225 0.00202843
119 3.17034 0.00173141
120 3.1694 0.00173892
121 3.16799 1.29001e-14
122 3.16799 1.29001e-14
123 3.16799 1.29001e-14
124 3.16799 1.29001e-14
125 3.16799 1.29001e-14
126 3.16799 1.29001e-14
127 3.16799 1.29001e-14
128 3.16799 1.29001e-14
129 3.16799 1.29001e-14
130 3.16799 1.29001e-14
131 3.16799 1.29001e-14
132 3.16799 1.29001e-14
133 3.16799 1.29001e-14
134 3.16799 1.29001e-14
135 3.16799 1.29001e-14
136 3.16799 1.29001e-14
137 3.16799 1.29001e-14
138 3.16799 1.29001e-14
139 3.16799 1.29001e-14
140 5.46202 2.17043
141 3.66725 0.497293
142 3.23978 0.0848989
143 3.16822 0.000952739
144 3.16799 1.29001e-14
145 3.16799 1.29001e-14
146 3.16799 1.29001e-14
147 3.16799 1.29001e-14
148 3.16799 1.29001e-14
149 3.16799 1.29001e-14
150 3.16799 1.29001e-14
151 3.16799 1.29001e-14
152 3.16799 1.29001e-14
153 3.16799 1.29001e-14
154 3.16799 1.29001e-14
155 3.16799 1.29001e-14
156 3.16799 1.29001e-14
157 3.16799 1.29001e-14
158 3.16799 1.29001e-14
159 3.16799 1.29001e-14
160 3.16799 1.29001e-14
161 6.23526 2.85828
162 3.84959 0.683715
163 3.29715 0.138082
164 3.17695 0.0174225
165 3.16799 1.29001e-14
166 3.16799 1.29001e-14
167 3.16799 1.29001e-14
168 3.16799 1.29001e-14
169 3.16799 1.29001e-14
170 3.16799 1.29001e-14
171 3.16799 1.29001e-14
172 3.16799 1.29001e-14
173 3.16799 1.29001e-14
174 3.16799 1.29001e-14
175 3.16799 1.29001e-14
176 3.16799 1.29001e-14
177 3.16799 1.29001e-14
178 3.16799 1.29001e-14
179 3.16799 1.29001e-14
180 3.16799 1.29001e-14
181 3.16799 1.29001e-14
182 6.11346 2.65496
183 3.78444 0.633519
184 3.24484 0.0993069
185 3.16833 0.00108541
186 3.16799 1.29001e-14
187 3.16799 1.29001e-14
188 3.16799 1.29001e-14
189 3.16799 1.29001e-14
190 3.16799 1.29001e-14
191 3.16799 1.29001e-14
192 3.16799 1.29001e-14
193 3.16799 1.29001e-14
194 3.16799 1.29001e-14
195 3.16799 1.29001e-14
196 3.16799 1.29001e-14
197 3.16799 1.29001e-14
198 3.16799 1.29001e-14
199 3.16799 1.29001e-14
200 3.16799 1.29001e-14
201 3.16799 1.29001e-14
202 3.16799 1.29001e-14
203 3.16799 1.29001e-14
204 3.16799 1.29001e-14
205 3.16799 1.29001e-14
206 3.16799 1.29001e-14
207 3.16799 1.29001e-14
208 5.54672 2.17684
209 3.71908 0.497092
210 3.2766 0.132706
211 5.73878 2.33672
212 3.62218 0.430383
213 3.26758 0.089813
214 3.18925 0.0225245
215 3.16918 0.00274713
216 3.16799 1.29001e-14
217 5.41101 2.18198
218 3.53351 0.419323
219 3.18825 0.0340073
220 3.16799 1.29001e-14
221 3.16799 1.29001e-14
222 3.16799 1.29001e-14
223 3.16799 1.29001e-14
224 3.16799 1.29001e-14
225 3.16799 1.29001e-14
226 3.16799 1.29001e-14
227 3.16799 1.29001e-14
228 3.16799 1.29001e-14
229 3.16799 1.29001e-14
230 3.16799 1.29001e-14
231 3.16799 1.29001e-14
232 3.16799 1.29001e-14
233 3.16799 1.29001e-14
234 3.16799 1.29001e-14
235 3.16799 1.29001e-14
236 3.16799 1.29001e-14
237 3.16799 1.29001e-14
238 3.16799 1.29001e-14
239 3.16799 1.29001e-14
240 3.16799 1.29001e-14
241 3.16799 1.29001e-14
242 3.16799 1.29001e-14
243 3.16799 1.29001e-14
244 3.16799 1.29001e-14
245 3.16799 1.29001e-14
246 3.16799 1.29001e-14
247 3.16799 1.29001e-14
248 3.16799 1.29001e-14
249 3.16799 1.29001e-14
250 3.16799 1.29001e-14
251 3.16799 1.29001e-14
252 3.16799 1.29001e-14
253 3.16799 1.29001e-14
254 3.16799 1.29001e-14
255 3.16799 1.29001e-14
256 3.16799 1.29001e-14
257 3.16799 1.29001e-14
258 3.16799 1.29001e-14
259 3.16799 1.29001e-14
260 3.16799 1.29001e-14
261 4.89206 1.81883
262 3.38431 0.243437
263 3.18155 0.0234988
264 3.16799 1.29001e-14
265 3.16799 1.29001e-14
266 3.16799 1.29001e-14
267 3.16799 1.29001e-14
268 3.16799 1.29001e-14
269 3.16799 1.29001e-14
270 3.16799 1.29001e-14
271 3.16799 1.29001e-14
272 3.16799 1.29001e-14
273 3.16799 1.29001e-14
274 3.16799 1.29001e-14
275 3.16799 1.29001e-14
276 3.16799 1.29001e-14
277 3.16799 1.29001e-14
278 3.16799 1.29001e-14
279 3.16799 1.29001e-14
280 3.16799 1.29001e-14
281 3.16799 1.29001e-14
282 3.16799 1.29001e-14
283 3.16799 1.29001e-14
284 3.16799 1.29001e-14
285 3.16799 1.29001e-14
286 3.16799 1.29001e-14
287 3.16799 1.29001e-14
288 3.16799 1.29001e-14
289 3.16799 1.29001e-14
290 3.16799 1.29001e-14
291 3.16799 1.29001e-14
292 3.16799 1.29001e-14
293 3.16799 1.29001e-14
294 3.16799 1.29001e-14
295 3.16799 1.29001e-14
296 5.77535 2.56787
297 3.58261 0.44232
298 3.21409 0.0630972
299 3.16799 1.29001e-14
300 3.16799 1.29001e-14
301 3.16799 1.29001e-14
302 3.16799 1.29001e-14
303 3.16799 1.29001e-14
304 3.16799 1.29001e-14
305 3.16799 1.29001e-14
306 3.16799 1.29001e-14
307 3.16799 1.29001e-14
308 3.16799 1.29001e-14
309 3.16799 1.29001e-14
310 5.8003 2.28191
311 3.74235 0.576623
312 3.24632 0.106481
313 3.16804 0.00042773
314 3.16799 1.29001e-14
315 3.16799 1.29001e-14
316 3.16799 1.29001e-14
317 3.16799 1.29001e-14
318 3.16799 1.29001e-14
319 3.16799 1.29001e-14
320 3.16799 1.29001e-14
321 3.16799 1.29001e-14
322 3.16799 1.29001e-14
323 3.16799 1.29001e-14
324 3.16799 1.29001e-14
325 3.16799 1.29001e-14
326 5.27209 2.05038
327 3.55842 0.360675
328 3.25367 0.100071
329 3.16824 0.000930564
330 3.16799 1.29001e-14
331 3.16799 1.29001e-14
332 3.16799 1.29001e-14
333 3.16799 1.29001e-14
334 3.16799 1.29001e-14
335 3.16799 1.29001e-14
336 3.16799 1.29001e-14
337 3.16799 1.29001e-14
338 3.16799 1.29001e-14
339 3.16799 1.29001e-14
340 3.16799 1.29001e-14
341 3.16799 1.29001e-14
342 3.16799 1.29001e-14
343 3.16799 1.29001e-14
344 5.74539 2.40701
345 3.6612 0.493199
346 3.24047 0.0960025
347 5.56329 2.11778
348 3.74529 0.539053
349 3.3049 0.13371
350 3.19595 0.0347999
351 3.16946 0.00262022
352 3.16799 1.29001e-14
353 3.16799 1.29001e-14
354 3.16799 1.29001e-14
355 3.16799 1.29001e-14
356 3.16799 1.29001e-14
357 3.16799 1.29001e-14
358 3.16799 1.29001e-14
359 3.16799 1.29001e-14
360 3.16799 1.29001e-14
361 5.53867 2.10993
362 3.71621 0.563715
363 3.23769 0.0843898
364 3.16853 0.00136595
365 3.16799 1.29001e-14
366 3.16799 1.29001e-14
367 3.16799 1.29001e-14
368 3.16799 1.29001e-14
369 3.16799 1.29001e-14
370 3.16799 1.29001e-14
371 3.16799 1.29001e-14
372 3.16799 1.29001e-14
373 3.16799 1.29001e-14
374 3.16799 1.29001e-14
375 3.16799 1.29001e-14
376 3.16799 1.29001e-14
377 3.16799 1.29001e-14
378 3.16799 1.29001e-14
379 3.16799 1.29001e-14
380 3.16799 1.29001e-14
381 3.16799 1.29001e-14
382 3.16799 1.29001e-14
383 3.16799 1.29001e-14
384 3.16799 1.29001e-14
385 3.16799 1.29001e-14
386 3.16799 1.29001e-14
387 3.16799 1.29001e-14
388 3.16799 1.29001e-14
389 3.16799 1.29001e-14
390 3.16799 1.29001e-14
391 3.16799 1.29001e-14
392 3.16799 1.29001e-14
393 3.16799 1.29001e-14
394 3.16799 1.29001e-14
395 3.16799 1.29001e-14
396 3.16799 1.29001e-14
397 3.16799 1.29001e-14
398 3.16799 1.29001e-14
399 3.16799 1.29001e-14
400 3.16799 1.29001e-14
401 3.16799 1.29001e-14
402 3.16799 1.29001e-14
403 3.16799 1.29001e-14
404 3.16799 1.29001e-14
405 3.16799 1.29001e-14
406 3.16799 1.29001e-14
407 3.16799 1.29001e-14
408 3.16799 1.29001e-14
409 3.16799 1.29001e-14
410 3.16799 1.29001e-14
411 3.16799 1.29001e-14
412 3.16799 1.29001e-14
413 3.16799 1.29001e-14
414 3.16799 1.29001e-14
415 3.16799 1.29001e-14
416 3.16799 1.29001e-14
417 3.16799 1.29001e-14
418 3.16799 1.29001e-14
419 3.16799 1.29001e-14
420 3.16799 1.29001e-14
421 3.16799 1.29001e-14
422 3.16799 1.29001e-14
423 3.16799 1.29001e-14
424 3.16799 1.29001e-14
425 3.16799 1.29001e-14
426 3.16799 1.29001e-14
427 3.16799 1.29001e-14
428 3.16799 1.29001e-14
429 3.16799 1.29001e-14
430 3.16799 1.29001e-14
431 3.16799 1.29001e-14
432 3.16799 1.29001e-14
433 3.16799 1.29001e-14
434 3.16799 1.29001e-14
435 3.16799 1.29001e-14
436 3.16799 1.29001e-14
437 3.16799 1.29001e-14
438 3.16799 1.29001e-14
439 3.16799 1.29001e-14
440 3.16799 1.29001e-14
441 3.16799 1.29001e-14
442 3.16799 1.29001e-14
443 3.16799 1.29001e-14
444 3.16799 1.29001e-14
445 3.16799 1.29001e-14
446 3.16799 1.29001e-14
447 3.16799 1.29001e-14
448 3.16799 1.29001e-14
449 3.16799 1.29001e-14
450 3.16799 1.29001e-14
451 3.16799 1.29001e-14
452 3.16799 1.29001e-14
453 3.16799 1.29001e-14
454 3.16799 1.29001e-14
455 3.16799 1.29001e-14
456 5.2614 2.04875
457 3.51633 0.348619
458 3.206 0.0539216
459 3.16823 0.000922706
460 3.16799 1.29001e-14
461 3.16799 1.29001e-14
462 3.16799 1.29001e-14
463 3.16799 1.29001e-14
464 3.16799 1.29001e-14
465 3.16799 1.29001e-14
466 3.16799 1.29001e-14
467 3.16799 1.29001e-14
468 3.16799 1.29001e-14
469 3.16799 1.29001e-14
470 3.16799 1.29001e-14
471 3.16799 1.29001e-14
472 3.16799 1.29001e-14
473 3.16799 1.29001e-14
474 3.16799 1.29001e-14
475 3.16799 1.29001e-14
476 3.16799 1.29001e-14
477 3.16799 1.29001e-14
478 3.16799 1.29001e-14
479 3.16799 1.29001e-14
480 3.16799 1.29001e-14
481 3.16799 1.29001e-14
482 3.16799 1.29001e-14
483 3.16799 1.29001e-14
484 3.16799 1.29001e-14
485 3.16799 1.29001e-14
486 3.16799 1.29001e-14
487 3.16799 1.29001e-14
488 3.16799 1.29001e-14
489 3.16799 1.29001e-14
490 3.16799 1.29001e-14
491 3.16799 1.29001e-14
492 3.16799 1.29001e-14
493 3.16799 1.29001e-14
494 3.16799 1.29001e-14
495 3.16799 1.29001e-14
496 3.16799 1.29001e-14
497 3.16799 1.29001e-14
498 3.16799 1.29001e-14
499 3.16799 1.29001e-14
