42.3275
40.9675
34.925
36.2015
35.3771
31.0132
30.8466
29.2467
24.739
26.6946
26.6946
24.271
26.3447
24.5898
22.8117
26.5154
24.2664
26.4326
22.904
24.4085
19.8536
18.3674
23.1817
23.6925
21.9614
21.9614
21.0212
18.5943
17.9203
19.6395
19.6395
17.4203
17.7729
17.0849
16.6245
17.272
18.0814
16.395
16.041
15.2543
13.7961
11.7942
11.7942
10.5408
10.565
10.4724
10.5952
10.3465
9.24775
9.21223
8.56071
7.06371
7.16145
6.19944
6.74365
7.60168
6.70484
7.29659
8.2346
8.21753
8.27152
9.31996
10.3829
9.19673
8.99971
8.59441
8.35915
8.35915
8.45978
7.3426
7.3426
7.8288
7.89155
7.37296
7.26825
7.9321
6.784
6.784
6.602
7.07136
6.8153
7.06931
6.84165
6.60886
6.28814
6.16276
6.0732
5.48576
5.81953
5.75931
4.50915
5.2825
4.92512
4.28103
3.83167
3.83167
3.51022
3.51022
3.37345
3.46774
3.37324
3.50885
3.47735
3.33777
3.25242
3.25242
3.23289
3.2138
3.19215
3.19215
3.1795
3.17154
3.1732
3.17154
3.16799
3.16799
3.16799
3.16799
3.16799
3.16799
3.16799
3.16799
3.16799
3.16799
3.16799
3.16799
3.16799
3.16799
3.16799
3.16799
3.16799
3.16799
3.16799
3.16799
3.16799
3.16799
3.16799
3.16799
3.16799
3.16799
3.16799
3.16799
3.16799
3.16799
3.16799
3.16799
3.16799
3.16799
3.16799
3.16799
3.16799
3.16799
3.16799
3.16799
3.16799
3.16799
3.16799
3.16799
3.16799
3.16799
3.16799
3.16799
3.16799
3.16799
3.16799
3.16799
3.16799
3.16799
3.16799
3.16799
3.16799
3.16799
3.16799
3.16799
3.16799
3.16799
3.16799
3.16799
3.16799
3.16799
3.16799
3.16799
3.16799
3.16799
3.16799
3.16799
3.16799
3.16799
3.16799
3.16799
3.16799
3.16799
3.16799
3.16799
3.16799
3.16799
3.16799
3.16799
3.16799
3.16799
3.16799
3.16799
3.16799
3.16799
3.16799
3.16799
3.16799
3.16799
3.16799
3.16799
3.16799
3.16799
3.16799
3.16799
3.16799
3.16799
3.16799
3.16799
3.16799
3.16799
3.16799
3.16799
3.16799
3.16799
3.16799
3.16799
3.16799
3.16799
3.16799
3.16799
3.16799
3.16799
3.16799
3.16799
3.16799
3.16799
3.16799
3.16799
3.16799
3.16799
3.16799
3.16799
3.16799
3.16799
3.16799
3.16799
3.16799
3.16799
3.16799
3.16799
3.16799
3.16799
3.16799
3.16799
3.16799
3.16799
3.16799
3.16799
3.16799
3.16799
3.16799
3.16799
3.16799
3.16799
3.16799
3.16799
3.16799
3.16799
3.16799
3.16799
3.16799
3.16799
3.16799
3.16799
3.16799
3.16799
3.16799
3.16799
3.16799
3.16799
3.16799
3.16799
3.16799
3.16799
3.16799
3.16799
3.16799
3.16799
3.16799
3.16799
3.16799
3.16799
3.16799
3.16799
3.16799
3.16799
3.16799
3.16799
3.16799
3.16799
3.16799
3.16799
3.16799
3.16799
3.16799
3.16799
3.16799
3.16799
3.16799
3.16799
3.16799
3.16799
3.16799
3.16799
3.16799
3.16799
3.16799
3.16799
3.16799
3.16799
3.16799
3.16799
3.16799
3.16799
3.16799
3.16799
3.16799
3.16799
3.16799
3.16799
3.16799
3.16799
3.16799
3.16799
3.16799
3.16799
3.16799
3.16799
3.16799
3.16799
3.16799
3.16799
3.16799
3.16799
3.16799
3.16799
3.16799
3.16799
3.16799
3.16799
3.16799
3.16799
3.16799
3.16799
3.16799
3.16799
3.16799
3.16799
3.16799
3.16799
3.16799
3.16799
3.16799
3.16799
3.16799
3.16799
3.16799
3.16799
3.16799
3.16799
3.16799
3.16799
3.16799
3.16799
3.16799
3.16799
3.16799
3.16799
3.16799
3.16799
3.16799
3.16799
3.16799
3.16799
3.16799
3.16799
3.16799
3.16799
3.16799
3.16799
3.16799
3.16799
3.16799
3.16799
3.16799
3.16799
3.16799
3.16799
3.16799
3.16799
3.16799
3.16799
3.16799
3.16799
3.16799
3.16799
3.16799
3.16799
3.16799
3.16799
3.16799
3.16799
3.16799
3.16799
3.16799
3.16799
3.16799
3.16799
3.16799
3.16799
3.16799
3.16799
3.16799
3.16799
3.16799
3.16799
3.16799
3.16799
3.16799
3.16799
3.16799
3.16799
3.16799
3.16799
3.16799
3.16799
3.16799
3.16799
3.16799
3.16799
3.16799
3.16799
3.16799
3.16799
3.16799
3.16799
3.16799
3.16799
3.16799
3.16799
3.16799
3.16799
3.16799
3.16799
3.16799
3.16799
3.16799
3.16799
3.16799
3.16799
3.16799
3.16799
3.16799
3.16799
3.16799
3.16799
3.16799
3.16799
3.16799
3.16799
3.16799
3.16799
3.16799
3.16799
3.16799
3.16799
3.16799
3.16799
3.16799
3.16799
3.16799
3.16799
3.16799
3.16799
3.16799
3.16799
3.16799
3.16799
3.16799
3.16799
3.16799
3.16799
3.16799
3.16799
3.16799
3.16799
3.16799
3.16799
3.16799
3.16799
