7.70589
6.98331
6.7449
6.30321
6.75294
6.28133
6.30883
5.81056
6.1748
5.43052
5.43052
4.92025
5.28865
4.76716
4.89279
4.79381
5.38467
4.54884
3.87214
4.30695
4.49904
4.63411
4.48557
4.27948
4.27948
4.27948
4.26905
4.42124
4.37552
4.44525
4.44525
3.41268
3.44047
4.28419
4.4231
4.47058
4.28354
4.21853
4.24394
4.27339
4.05914
3.49464
3.38675
3.72498
3.73562
3.47966
3.73562
3.73562
3.66345
3.41225
3.22037
3.22037
3.0948
3.29211
3.03962
2.98368
2.97502
3.08642
3.14709
3.14709
3.16743
3.41581
2.88458
2.80794
2.94619
2.83898
2.86918
2.86918
2.75576
2.80869
2.57909
2.10026
2.2915
2.22913
2.20168
2.2342
1.95533
1.77276
1.87768
1.66212
1.74305
1.63615
1.43667
1.36774
1.36774
1.26632
1.26632
1.17211
1.14523
1.14523
1.10631
1.13155
1.11379
1.07496
1.06118
1.02711
1.00624
1.00624
1.01106
1.00464
1.00464
1.00937
1.00937
0.995896
1.00602
0.995896
0.995896
0.983918
0.986018
0.983918
0.983918
0.983457
0.983457
0.983457
0.983457
0.983457
0.983457
0.983457
0.983457
0.983457
0.983457
0.983457
0.983457
0.983457
0.983457
0.983457
0.983457
0.983457
0.983457
0.983457
0.983457
0.983457
0.983457
0.983457
0.983457
0.983457
0.983457
0.983457
0.983457
0.983457
0.983457
0.983457
0.983457
0.983457
0.983457
0.983457
0.983457
0.983457
0.983457
0.983457
0.983457
0.983457
0.983457
0.983457
0.983457
0.983457
0.983457
0.983457
0.983457
0.983457
0.983457
0.983457
0.983457
0.983457
0.983457
0.983457
0.983457
0.983457
0.983457
0.983457
0.983457
0.983457
0.983457
0.983457
0.983457
0.983457
0.983457
0.983457
0.983457
0.983457
0.983457
0.983457
0.983457
0.983457
0.983457
0.983457
0.983457
0.983457
0.983457
0.983457
0.983457
0.983457
0.983457
0.983457
0.983457
0.983457
0.983457
0.983457
0.983457
0.983457
0.983457
0.983457
0.983457
0.983457
0.983457
0.983457
0.983457
0.983457
0.983457
0.983457
0.983457
0.983457
0.983457
0.983457
0.983457
0.983457
0.983457
0.983457
0.983457
0.983457
0.983457
0.983457
0.983457
0.983457
0.983457
0.983457
0.983457
0.983457
0.983457
0.983457
0.983457
0.983457
0.983457
0.983457
0.983457
0.983457
0.983457
0.983457
0.983457
0.983457
0.983457
0.983457
0.983457
0.983457
0.983457
0.983457
0.983457
0.983457
0.983457
0.983457
0.983457
0.983457
0.983457
0.983457
0.983457
0.983457
0.983457
0.983457
0.983457
0.983457
0.983457
0.983457
0.983457
0.983457
0.983457
0.983457
0.983457
0.983457
0.983457
0.983457
0.983457
0.983457
0.983457
0.983457
0.983457
0.983457
0.983457
0.983457
0.983457
0.983457
0.983457
0.983457
0.983457
0.983457
0.983457
0.983457
0.983457
0.983457
0.983457
0.983457
0.983457
0.983457
0.983457
0.983457
0.983457
0.983457
0.983457
0.983457
0.983457
0.983457
0.983457
0.983457
0.983457
0.983457
0.983457
0.983457
0.983457
0.983457
0.983457
0.983457
0.983457
0.983457
0.983457
0.983457
0.983457
0.983457
0.983457
0.983457
0.983457
0.983457
0.983457
0.983457
0.983457
0.983457
0.983457
0.983457
0.983457
0.983457
0.983457
0.983457
0.983457
0.983457
0.983457
0.983457
0.983457
0.983457
0.983457
0.983457
0.983457
0.983457
0.983457
0.983457
0.983457
0.983457
0.983457
0.983457
0.983457
0.983457
0.983457
0.983457
0.983457
0.983457
0.983457
0.983457
0.983457
0.983457
0.983457
0.983457
0.983457
0.983457
0.983457
0.983457
0.983457
0.983457
0.983457
0.983457
0.983457
0.983457
0.983457
0.983457
0.983457
0.983457
0.983457
0.983457
0.983457
0.983457
0.983457
0.983457
0.983457
0.983457
0.983457
0.983457
0.983457
0.983457
0.983457
0.983457
0.983457
0.983457
0.983457
0.983457
0.983457
0.983457
0.983457
0.983457
0.983457
0.983457
0.983457
0.983457
0.983457
0.983457
0.983457
0.983457
0.983457
0.983457
0.983457
0.983457
0.983457
0.983457
0.983457
0.983457
0.983457
0.983457
0.983457
0.983457
0.983457
0.983457
0.983457
0.983457
0.983457
0.983457
0.983457
0.983457
0.983457
0.983457
0.983457
0.983457
0.983457
0.983457
0.983457
0.983457
0.983457
0.983457
0.983457
0.983457
0.983457
0.983457
0.983457
0.983457
0.983457
0.983457
0.983457
0.983457
0.983457
0.983457
0.983457
0.983457
0.983457
0.983457
0.983457
0.983457
0.983457
0.983457
0.983457
0.983457
0.983457
0.983457
0.983457
0.983457
0.983457
0.983457
0.983457
0.983457
0.983457
0.983457
0.983457
0.983457
0.983457
0.983457
0.983457
0.983457
0.983457
0.983457
0.983457
0.983457
0.983457
0.983457
0.983457
0.983457
0.983457
0.983457
0.983457
0.983457
0.983457
0.983457
0.983457
0.983457
0.983457
0.983457
0.983457
0.983457
0.983457
0.983457
0.983457
0.983457
0.983457
0.983457
0.983457
0.983457
0.983457
0.983457
