1  1.40668412648  0
2  1.40669782296  9.68487786028e-06
3  1.40680179578  8.51386248162e-05
4  1.40685689749  7.97149808122e-05
5  1.40690171123  7.53225254428e-05
6  1.40693517886  6.9809173007e-05
7  1.40696316052  6.52036727985e-05
8  1.40700047356  6.68827266191e-05
9  1.40702948314  6.54408740967e-05
10  1.4070511082  6.23675442506e-05
11  1.40706056775  5.74106695649e-05
12  1.40707438777  5.42643523574e-05
13  1.40708037998  5.04199349678e-05
14  1.40709320692  4.84226301182e-05
15  1.40709884073  4.55210124543e-05
16  1.40710522833  4.31217808104e-05
17  1.40710506198  4.05855262066e-05
18  1.40710228057  3.84259647549e-05
19  1.40709755714  3.6692705726e-05
20  1.40708782353  3.61260440326e-05
21  1.4070799935  3.52440917758e-05
22  1.40707477127  3.40267841599e-05
23  1.40707197545  3.26620176359e-05
24  1.40707010858  3.13544075184e-05
25  1.40706842339  3.01454835312e-05
26  1.40707117505  2.91113554552e-05
27  1.40707674413  2.856087958e-05
28  1.40707902269  2.76315897387e-05
29  1.40707942178  2.66816583141e-05
30  1.40708109819  2.58448810057e-05
31  1.40708060495  2.50158812043e-05
32  1.40707968945  2.42508811823e-05
33  1.40708158314  2.35898273208e-05
34  1.40708033934  2.29287759749e-05
35  1.40707603749  2.26736281935e-05
36  1.40707060526  2.26852116814e-05
37  1.40706483667  2.2793743211e-05
38  1.407061389  2.24531326503e-05
39  1.40705918504  2.19853140723e-05
40  1.40705726889  2.15190209237e-05
41  1.40705650347  2.10077752973e-05
42  1.40705624303  2.05092046323e-05
43  1.40706002517  2.03779984676e-05
44  1.4070625986  2.00766968446e-05
45  1.40706560083  1.9853753549e-05
46  1.40706702602  1.94732364127e-05
47  1.40706887873  1.91468440725e-05
48  1.40707004326  1.87833313777e-05
49  1.40707264469  1.85792706167e-05
50  1.40707543654  1.84162519794e-05
51  1.40707764984  1.81876610782e-05
52  1.40707965739  1.79483534943e-05
53  1.40708131202  1.76858091683e-05
54  1.40708454391  1.76511222779e-05
55  1.40708631429  1.74187495031e-05
56  1.40708905379  1.73217853406e-05
57  1.40709067707  1.70937867341e-05
58  1.407091458  1.68168951046e-05
59  1.40709087265  1.65420466409e-05
60  1.40709287324  1.63868738802e-05
61  1.40709426915  1.61775821995e-05
62  1.40709556685  1.59686170292e-05
63  1.40709690835  1.57713953453e-05
64  1.40709847006  1.56020966127e-05
65  1.4070999942  1.54363303489e-05
66  1.40709950484  1.52102014627e-05
67  1.40709895514  1.49931135581e-05
68  1.40709875432  1.47739714347e-05
69  1.40709842213  1.45635905029e-05
70  1.4070985821  1.43564177872e-05
71  1.40709896039  1.41591977969e-05
72  1.40710007578  1.40064050128e-05
73  1.4071015564  1.3892575231e-05
74  1.40710348176  1.38376113156e-05
75  1.40710331898  1.36540673794e-05
76  1.40710377338  1.34819675612e-05
77  1.4071024101  1.3375626323e-05
78  1.40710116656  1.32618243896e-05
79  1.40710132848  1.30949419429e-05
80  1.40710037051  1.29662478959e-05
81  1.40710260556  1.29973757605e-05
82  1.407102909  1.28424125231e-05
83  1.40710348807  1.27007337241e-05
84  1.40710485331  1.26226981072e-05
85  1.40710562713  1.24978921696e-05
86  1.40710529484  1.23569843939e-05
87  1.40710595016  1.22323145603e-05
88  1.40710631898  1.20988699255e-05
89  1.40710694471  1.19790975621e-05
90  1.40710843366  1.19381723391e-05
91  1.40710969554  1.18734878558e-05
92  1.40711015725  1.17534021134e-05
93  1.40711129841  1.16822886304e-05
94  1.40711215554  1.15894095199e-05
95  1.40711274346  1.14823183819e-05
96  1.40711145251  1.14350507789e-05
97  1.40711066587  1.13441888466e-05
98  1.40710924417  1.13171668074e-05
99  1.4071066072  1.15059670322e-05
100  1.40710554757  1.14395960212e-05
