0.96
0.960007
0.960028
0.960062
0.960111
0.960174
0.960251
0.960343
0.960451
0.960574
0.960714
0.960872
0.961048
0.961243
0.961458
0.961693
0.961949
0.962228
0.962531
0.962858
0.963212
0.963594
0.964005
0.964448
0.964923
0.965435
0.965985
0.966576
0.967211
0.967893
0.968626
0.969413
0.970259
0.971167
0.972144
0.973194
0.974323
0.975537
0.976843
0.978247
0.979758
0.981383
0.983131
0.985011
0.987034
0.98921
0.99155
0.994064
0.996765
0.999663
1.00277
1.00609
1.00963
1.01338
1.01733
1.02145
1.02565
1.02984
1.03389
1.0376
1.04082
1.04347
1.04562
1.04734
1.04849
1.04846
1.04644
1.04228
1.03747
1.03529
1.03862
1.04724
1.05785
1.0668
1.07238
1.07543
1.07706
1.07644
1.07225
1.06545
1.0594
1.05751
1.06116
1.06915
1.07884
1.08822
1.09654
1.10332
1.10792
1.10994
1.10946
1.10707
1.10369
1.10037
1.09781
1.09604
1.09504
1.09553
1.0983
1.10264
1.10662
1.10875
1.10878
1.10734
1.10544
1.10416
1.1043
1.10617
1.10949
1.11354
1.11752
1.12081
1.1231
1.12429
1.12442
1.12355
1.12174
1.11899
1.11531
1.11086
1.10636
1.10328
1.10326
1.10671
1.1121
1.11681
1.11882
1.11787
1.11606
1.11687
1.12183
1.12868
1.13399
1.13576
1.13359
1.12828
1.12189
1.11694
1.11506
1.11681
1.12187
1.12825
1.13334
1.13589
1.13636
1.136
1.13589
1.13633
1.13688
1.13694
1.13616
1.13441
1.13163
1.12769
1.12253
1.11663
1.11159
1.10993
1.1133
1.12074
1.12937
1.13677
1.14199
1.1452
1.14694
1.14778
1.14815
1.14836
1.14862
1.14906
1.14973
1.1506
1.15154
1.15232
1.15257
1.15177
1.14948
1.14605
1.14319
1.14302
1.14559
1.14869
1.15043
1.15037
1.14856
1.14444
1.13688
1.12584
1.11434
1.10731
1.108
1.11641
1.12945
1.14273
1.15314
1.15938
1.16128
1.15924
1.15416
1.14762
1.14175
1.13835
1.13778
1.13902
1.14083
1.14251
1.14396
1.14527
1.14639
1.14712
1.14729
1.147
1.1466
1.14657
1.14723
1.14852
1.14986
1.15026
1.14847
1.14318
1.13373
1.12191
1.11344
1.1137
1.12097
1.12989
1.13775
1.14425
1.14949
1.15324
1.15515
1.15478
1.15147
1.14423
1.13232
1.11741
1.10563
1.10338
1.10975
1.11862
1.12545
1.12908
1.13046
1.13098
1.13152
1.13252
1.1339
1.13527
1.13632
1.13686
1.13655
1.13482
1.13118
1.12583
1.1203
1.11699
1.11754
1.12129
1.12607
1.13015
1.13304
1.13497
1.13621
1.13682
1.13671
1.13588
1.13445
1.1326
1.13047
1.12802
1.12507
1.12155
1.11789
1.11514
1.11437
1.11562
1.11761
1.11872
1.11809
1.11593
1.1132
1.11096
1.10994
1.11044
1.11269
1.11673
1.12197
1.12722
1.13125
1.13337
1.13336
1.13125
1.1271
1.12105
1.11348
1.10544
1.09874
1.09518
1.09511
1.09713
1.09934
1.1008
1.1019
1.10371
1.10695
1.11135
1.11599
1.12007
1.12316
1.12504
1.12539
1.12362
1.11893
1.11086
1.10054
1.09173
1.08937
1.0952
1.10559
1.11526
1.12151
1.12435
1.12476
1.12368
1.12183
1.1197
1.11764
1.11583
1.11437
1.11329
1.11256
1.11233
1.11311
1.11548
1.1193
1.12344
1.12683
1.12956
1.13256
1.13605
1.13882
1.13944
1.13743
1.13303
1.12633
1.11781
1.1103
1.10843
1.11369
1.1224
1.13006
1.13493
1.13752
1.13916
1.14082
1.14254
1.14354
1.14277
1.13917
1.13148
1.11991
1.11157
1.11779
1.1355
1.15166
1.16108
1.16523
1.16675
1.16767
1.16899
1.17061
1.17171
1.17155
1.16991
1.16709
1.16355
1.15986
1.15679
1.15524
1.15578
1.15816
1.16158
1.16529
1.16901
1.17284
1.17704
1.1817
1.18651
1.1909
1.19433
1.19643
1.1971
1.19642
1.19471
1.19253
1.19044
1.18853
1.18602
1.18182
1.17556
1.16822
1.16226
1.16115
1.16714
1.17805
1.18879
1.1961
1.19979
1.20118
1.20168
1.20224
1.20333
1.20502
1.20709
1.20918
1.21088
1.21179
1.2115
1.20947
1.20497
1.19738
1.18754
1.17966
1.17928
1.18673
1.19697
1.20581
1.21202
1.21583
1.21785
1.21856
1.21822
1.21678
1.21408
1.21012
1.20539
1.2011
1.19892
1.19976
1.20251
1.20463
1.20384
1.19929
1.19224
1.18586
1.18304
1.18421
1.18788
1.19247
1.19712
1.20132
1.20466
1.20674
1.20726
1.20598
1.20274
1.19747
1.19047
1.18292
1.17706
1.17514
1.17744
1.18204
1.18652
1.18932
1.18975
1.18767
1.18339
1.17805
1.17387
1.17274
1.17394
1.17485
1.17378
1.17117
1.1687
1.16767
1.16793
1.16838
1.1685
1.16895
1.17037
1.17178
1.17101
1.16643
1.1583
1.14969
1.14526
1.14677
1.15143
1.15598
1.15909
1.16054
1.16039
1.1588
1.156
1.15218
1.14752
1.14228
1.13693
1.13218
1.12905
1.12879
1.13192
1.13729
1.14293
1.14738
1.15012
1.15116
1.15066
1.14873
1.14543
1.14086
1.13523
1.12909
1.12323
1.11845
1.11534
1.11432
1.11567
1.11911
1.12367
1.1283
1.13236
1.1357
1.13829
1.14008
1.14097
1.141
1.14048
1.13991
1.13981
1.14049
1.1419
1.14376
1.14574
1.14753
1.14894
1.1498
1.14997
1.14929
1.14768
1.14529
1.14292
1.14209
1.1441
1.14872
1.15421
1.15884
1.16174
1.16261
1.16135
1.15815
1.1538
1.14985
1.14791
1.14869
1.15163
1.15556
1.15965
1.16405
1.16913
1.17441
1.17858
1.1806
1.1802
1.178
1.1753
1.17369
1.17417
1.17647
1.17951
1.18223
1.18416
1.18537
1.18638
1.18778
1.18984
1.19224
1.19431
1.19536
1.19487
1.19253
1.18837
1.18361
1.18091
1.18198
1.18505
1.18666
1.18478
1.17925
1.1711
1.16292
1.15937
1.16368
1.17272
1.18045
1.18453
1.18706
1.19103
1.19665
1.20171
1.20441
1.20452
1.20275
1.20007
1.19725
1.19478
1.19277
1.19116
1.18981
1.18869
1.18768
1.18658
1.18503
1.18264
1.17932
1.17567
1.17296
1.17246
1.17437
1.17778
1.18141
1.18433
1.18607
1.18661
1.18612
1.18487
1.18307
1.18084
1.17814
1.17494
1.17136
1.1678
1.16478
1.16253
1.16063
1.15813
1.15434
1.14955
1.14551
1.14455
1.1475
1.15275
1.15787
1.1614
1.16306
1.16326
1.1626
1.16154
1.16008
1.15775
1.1539
1.14825
1.14197
1.1387
1.14148
1.14787
1.1529
1.1549
1.15536
1.15567
1.15566
1.15453
1.15236
1.15063
1.15138
1.15539
1.16118
1.16584
1.16672
1.16208
1.15125
1.13654
1.12617
1.12819
1.13832
1.14733
1.15208
1.15363
1.15365
1.15365
1.15465
1.15684
1.1597
1.16251
1.16478
1.16627
1.16694
1.16684
1.16607
1.16484
1.1634
1.16204
1.16102
1.16051
1.16053
1.16103
1.16184
1.16283
1.16384
1.16474
1.16539
1.16557
1.16497
1.16322
1.16025
1.15673
1.15406
1.15329
1.15399
1.15463
1.15452
1.15523
1.15923
1.16639
1.17382
1.17892
1.18094
1.18024
1.17766
1.17411
1.17019
1.16614
1.16232
1.15965
1.15937
1.16199
1.16683
1.17245
1.17751
1.18113
1.18277
1.18185
1.17754
1.16925
1.15926
1.1544
1.15883
1.16692
1.17176
1.1725
1.17277
1.17632
1.18238
1.18622
1.18401
1.17632
1.16949
1.17086
1.17937
1.18863
1.19535
1.19956
1.20197
1.20312
1.20349
1.2035
1.20345
1.2033
1.20276
1.20155
1.19981
1.19815
1.19722
1.19682
1.19545
1.19138
1.18494
1.17973
1.17991
1.18595
1.19486
1.20364
1.21067
1.21534
1.21764
1.21814
1.2178
1.2179
1.2193
1.2214
1.22194
1.21837
1.2103
1.20161
1.1984
1.20179
1.20646
1.20724
1.20268
1.19495
1.18847
1.18742
1.19248
1.20014
1.20598
1.20745
1.20428
1.1982
1.19252
1.19041
1.19247
1.1966
1.19999
1.20102
1.19968
1.19722
1.1952
1.19433
1.19364
1.19075
1.18365
1.17472
1.17265
1.18155
1.19391
1.20267
1.20699
1.20838
1.2082
1.20726
1.20598
1.20464
1.20346
1.20261
1.20205
1.20138
1.19984
1.19653
1.19133
1.1861
1.1842
1.18695
1.19198
1.1964
1.19941
1.20193
1.20525
1.20979
1.21494
1.21971
1.22336
1.22543
1.22558
1.22364
1.21992
1.21562
1.21262
1.21213
1.21334
1.21376
1.2107
1.20264
1.1906
1.17883
1.17222
1.17163
1.17454
1.18032
1.19033
1.20306
1.21409
1.22051
1.22207
1.21977
1.21474
1.2082
1.20136
1.19503
1.19013
1.18845
1.19109
1.19655
1.20138
1.20225
1.19715
1.18624
1.17369
1.16772
1.17258
1.18326
1.19339
1.20051
1.20438
1.20528
1.20361
1.19999
1.19525
1.19036
1.18613
1.18283
1.18001
1.177
1.17379
1.17141
1.1712
1.17392
1.17922
1.18551
1.19082
1.19398
1.19482
1.19367
1.19096
1.18703
1.18227
1.17721
1.17255
1.16904
1.16714
1.16681
1.16752
1.16862
1.16961
1.17024
1.1703
1.16965
1.16843
1.16723
1.16694
1.16811
1.17056
1.1735
1.17608
1.17779
1.17851
1.17841
1.17778
1.1769
1.17591
1.1746
1.17239
1.16841
1.16213
1.15431
1.1474
1.14376
1.14316
1.14373
1.14448
1.14541
1.14691
1.14957
1.15355
1.15797
1.16146
1.16314
1.16298
1.1617
1.16032
1.15975
1.16027
1.16145
1.16243
1.16246
1.16121
1.1589
1.15634
1.15453
1.15405
1.15463
1.15554
1.15615
1.15623
1.15576
1.15463
1.15243
1.1486
1.14276
1.1355
1.12891
1.12592
1.12816
1.13469
1.14314
1.1515
1.15862
1.16401
1.16746
1.16881
1.16781
1.16434
1.15899
1.15337
1.14949
1.14817
1.14848
1.14875
1.14786
1.14576
1.14414
1.14619
1.15332
1.16283
1.17095
1.17589
1.17759
1.17659
1.17357
1.16943
1.1653
1.16235
1.16134
1.16223
1.16457
1.16805
1.17261
1.17773
1.18196
1.1828
1.17752
1.16698
1.16106
1.16888
1.1825
1.19094
1.19247
1.18971
1.18537
1.18129
1.17897
1.17979
1.18349
1.18672
1.1849
1.17576
1.16334
1.15763
1.16311
1.17436
1.18475
1.19089
1.19258
1.19156
1.19002
1.18951
1.19051
1.19264
1.19512
1.19695
1.19693
1.19403
1.18836
1.18247
1.18045
1.18363
1.1891
1.19377
1.19673
1.19841
1.19934
1.19975
1.1996
1.19869
1.19679
1.19375
1.18983
1.18597
1.18361
1.18372
1.18586
1.18853
1.19076
1.19331
1.19765
1.20354
1.20872
1.21099
1.20958
1.20511
1.19911
1.19362
1.19061
1.19074
1.19268
1.19431
1.19453
1.19419
1.19524
1.19861
1.20326
1.20754
1.21057
1.21223
1.21265
1.21201
1.2105
1.20844
1.20628
1.20463
1.20393
1.20403
1.20431
1.20431
1.20428
1.20479
1.20603
1.20734
1.20753
1.20581
1.2026
1.19974
1.19925
1.20166
1.20561
1.20929
1.21162
1.2123
1.21141
1.20908
1.20546
1.20086
1.19621
1.19306
1.19264
1.19443
1.19616
1.19502
1.18886
1.17821
1.17005
1.17382
1.18736
1.20064
1.20884
1.21206
1.21125
1.20701
1.19998
1.19191
1.18562
1.1825
1.18044
1.17716
1.17416
1.17533
1.18219
1.19205
1.20125
1.20801
1.21229
1.21465
1.21552
1.21513
1.21358
1.21118
1.2087
1.20735
1.20803
1.21062
1.2142
1.21792
1.22143
1.22469
1.22761
1.2299
1.23097
1.23017
1.22719
1.22281
1.21927
1.21876
1.22067
1.22164
1.21878
1.21338
1.21185
1.21839
1.22827
1.23484
1.2359
1.23204
1.22451
1.21487
1.20529
1.19817
1.19468
1.19428
1.19596
1.19931
1.20406
1.20926
1.21361
1.21618
1.21677
1.21566
1.2133
1.20993
1.20567
1.20101
1.19714
1.19519
1.19491
1.19479
1.19376
1.19192
1.19015
1.18912
1.18898
1.18962
1.19103
1.1933
1.19638
1.1998
1.20274
1.20414
1.20293
1.19824
1.18982
1.17896
1.1691
1.16395
1.16444
1.16955
1.17837
1.18893
1.198
1.20329
1.20414
1.20106
1.1956
1.19054
1.18906
1.19225
1.19801
1.2033
1.20649
1.20744
1.20664
1.20462
1.20171
1.19814
1.19406
1.18962
1.18499
1.18032
1.17577
1.17162
1.1685
1.16737
1.16886
1.17263
1.1774
1.18181
1.18507
1.18702
1.18784
1.18785
1.18731
1.18647
1.1855
1.18443
1.18305
1.18083
1.177
1.17103
1.16364
1.15751
1.15583
1.15917
1.16519
1.17104
1.17486
1.17593
1.1744
1.17134
1.16873
1.16869
1.17197
1.17735
1.18304
1.18789
1.1915
1.19381
1.19473
1.19404
1.19137
1.18636
1.17911
1.17085
1.1643
1.16236
1.16539
1.17059
1.17477
1.17678
1.17754
1.17874
1.18124
1.18455
1.18755
1.18946
1.19014
1.19004
1.19
1.19083
1.19284
1.19564
1.19844
1.20051
1.20128
1.20026
1.19694
1.19093
1.1825
1.17345
1.16701
1.16579
1.1694
1.17508
1.18021
1.18376
1.1861
1.1881
1.1903
1.19269
1.19485
1.19632
1.19672
1.19587
1.19395
1.19158
1.18975
1.18929
1.1902
1.19164
1.19258
1.19228
1.19014
1.18575
1.17973
1.17574
1.17873
1.18816
1.19808
1.20416
1.20559
1.20293
1.19683
1.18808
1.17834
1.1705
1.16752
1.17018
1.17653
1.18363
1.18954
1.19375
1.19667
1.19881
1.20036
1.20104
1.20031
1.19771
1.19333
1.18797
1.18253
1.1774
1.17331
1.17267
1.17757
1.18642
1.19534
1.20167
1.2047
1.20478
1.20263
1.19913
1.19519
1.19169
1.18923
1.188
1.18781
1.18826
1.18904
1.19025
1.19223
1.19523
1.19907
1.20326
1.2072
1.21037
1.21251
1.21373
1.21461
1.21608
1.21885
1.22287
1.22725
1.23078
1.23231
1.23081
1.22579
1.21834
1.21183
1.20952
1.21064
1.21158
1.21011
1.20737
1.20756
1.2143
1.22558
1.23617
1.2433
1.24722
1.24905
1.24959
1.2494
1.24907
1.24907
1.24952
1.25001
1.24985
1.24819
1.24395
1.23544
1.22052
1.1993
1.17865
1.1702
1.17746
1.19263
1.2076
1.21939
1.22795
1.23398
1.23805
1.24056
1.24178
1.24194
1.24133
1.24028
1.23912
1.23799
1.23666
1.23433
1.2294
1.21955
1.20325
1.18351
1.16937
1.16746
1.17581
1.18958
1.20432
1.21611
1.22317
1.22614
1.22682
1.22695
1.22732
1.22731
1.22533
1.22008
1.21226
1.20576
1.20508
1.20985
1.21458
1.21455
1.20944
1.20274
1.19857
1.19727
1.19557
1.19307
1.19536
1.20594
1.22026
1.23233
1.24003
1.2439
1.24517
1.24487
1.2437
1.24205
1.23995
1.2372
1.23387
1.23078
1.22949
1.23083
1.23401
1.23744
1.24026
1.24257
1.24487
1.24752
1.25047
1.2535
1.25635
1.25871
1.26005
1.25932
1.25502
1.2455
1.22979
1.21028
