1  -3.37949819438  0
2  -3.37868031975  0.000578324698223
3  -3.37815126154  0.000579008091722
4  -3.37837309668  0.000474854140128
5  -3.37845442635  0.000386785397504
6  -3.37839378427  0.000327040494075
7  -3.37878800066  0.000460201221079
8  -3.37888574193  0.000412925177405
9  -3.37882771561  0.000371099280262
10  -3.37885362654  0.000334892707243
11  -3.37883042416  0.000305250622627
12  -3.37883741741  0.000279893166336
13  -3.3788991238  0.000265077687021
14  -3.37903279673  0.000277810709325
15  -3.37915239591  0.000283869103698
16  -3.37912105234  0.000267852105185
17  -3.37905382687  0.000260395596844
18  -3.37908816228  0.000248182561143
19  -3.37907110686  0.000235705628203
20  -3.37897932759  0.000241127735609
21  -3.37890263207  0.000241534957822
22  -3.37871336417  0.000295550610804
23  -3.37877349418  0.000288752554968
24  -3.37869894574  0.000286182686128
25  -3.37871010709  0.000274952943099
26  -3.37867007076  0.000267276811961
27  -3.37870964492  0.000260290942882
28  -3.37872341194  0.000251358648928
29  -3.37862495688  0.00026126254469
30  -3.37852981941  0.000269319237899
31  -3.37845855497  0.000269895506362
32  -3.37842408343  0.000263653464615
33  -3.3784078915  0.000256160686013
34  -3.37834944288  0.000255207609759
35  -3.37835423725  0.000247960993546
36  -3.37835304022  0.000241076077549
37  -3.37829711675  0.000240959625881
38  -3.37827441587  0.000235685485691
39  -3.37822222106  0.000235350835778
40  -3.37821021817  0.000229772934731
41  -3.37832921211  0.000253112259983
42  -3.3783441351  0.000247525301877
43  -3.37830867644  0.000244295472655
44  -3.37825616359  0.000244322105176
45  -3.37829932497  0.000242675176473
46  -3.37834577788  0.000241804768351
47  -3.37836258947  0.000237243683097
48  -3.37833069638  0.000234435026819
49  -3.37836065192  0.000231556553038
50  -3.37839100565  0.000228906245221
51  -3.37840516739  0.000224855532404
52  -3.3783797595  0.000221962247266
53  -3.3783729497  0.000217878717372
54  -3.37839819052  0.000215301011038
55  -3.37836028099  0.000214698002914
56  -3.37832620717  0.000213550849602
57  -3.37833733922  0.000210094290772
58  -3.37836907056  0.000208854481652
59  -3.37836746417  0.000205320752701
60  -3.37843184706  0.000211752620425
61  -3.37843278112  0.000208283326223
62  -3.37843724336  0.000204971711338
63  -3.37843682285  0.000201718623416
64  -3.3784896339  0.000205363559126
65  -3.37854692264  0.000210042885693
66  -3.37858617739  0.000210496603794
67  -3.37861627909  0.000209496127709
68  -3.37862661312  0.000206670023681
69  -3.37861590364  0.00020395209571
70  -3.37857992138  0.00020418791089
71  -3.37859295682  0.000201727689357
72  -3.37857348335  0.000199863626516
73  -3.37855205803  0.000198270836193
74  -3.37859149553  0.000199475145917
75  -3.37858615504  0.00019688695432
76  -3.37859526135  0.000194506812746
77  -3.37860136889  0.000192076615071
78  -3.37860543294  0.000189657084124
79  -3.37858811558  0.000188045313398
80  -3.37856986904  0.000186577902016
81  -3.37857524616  0.000184351938412
82  -3.37858902532  0.000182617971039
83  -3.37860910694  0.000181518536064
84  -3.37860413735  0.000179425616588
85  -3.37860058491  0.000177349890832
86  -3.37858688313  0.000175816175404
87  -3.37858067887  0.000173904734316
88  -3.37857284332  0.000172104975222
89  -3.37858166717  0.000170397261882
90  -3.37859523524  0.000169043281811
91  -3.37861642972  0.000168509097122
92  -3.37862220655  0.000166776467741
93  -3.37863641573  0.000165587369422
94  -3.37863694076  0.000163826634123
95  -3.37861590574  0.000163446992572
96  -3.37863169623  0.000162505383358
97  -3.37863349502  0.000160840025371
98  -3.37861070623  0.000160805124158
99  -3.37860025907  0.00015951983384
100  -3.37858213692  0.000158950679163
