1  1.6575666965  0
2  1.64604855765  0.00814455408902
3  1.6409587082  0.00683759582593
4  1.6512603741  0.0102903665322
5  1.65239088458  0.00829416028954
6  1.6581864531  0.00870422281001
7  1.66221694019  0.00834188902101
8  1.66202790794  0.00730129437184
9  1.65353628505  0.0103061296898
10  1.65159837262  0.00945595920948
11  1.65134827895  0.00859963318922
12  1.65288013366  0.00801827124359
13  1.65445799686  0.00755513492494
14  1.65602749183  0.00717665361838
15  1.65522929345  0.006742452353
16  1.65693522342  0.00653329711846
17  1.65712485808  0.00615173706364
18  1.65693940132  0.00581276870891
19  1.65550713804  0.00568054805262
20  1.65562076371  0.00539765693402
21  1.6561009997  0.00516194502813
22  1.65382816825  0.00540456757378
23  1.65499184364  0.00529338153029
24  1.6545721472  0.00508943501016
25  1.65555861495  0.00498054198599
26  1.65631567142  0.00484617849072
27  1.65697912747  0.00471188608302
28  1.65628267403  0.00459478677926
29  1.65477337365  0.00467767045668
30  1.65278392767  0.00492667955151
31  1.6515023227  0.0049316335173
32  1.6509622607  0.00480700004476
33  1.65005308448  0.0047465336537
34  1.64929635865  0.00466686117946
35  1.64759403551  0.00483403880361
36  1.64843947214  0.00477311765368
37  1.64833606242  0.00464523452598
38  1.64798645184  0.00453612866463
39  1.64790193918  0.00442060488127
40  1.64781950191  0.00431085835293
41  1.64781717323  0.00420571609524
42  1.64833446375  0.00413727028675
43  1.64721944591  0.00418861250513
44  1.64715888086  0.00409385461185
45  1.64672967657  0.00402531631564
46  1.64682646474  0.00393897289642
47  1.64762264847  0.00393480850914
48  1.64716498989  0.00387935722543
49  1.64703821404  0.00380225759767
50  1.64656201043  0.00375591449297
51  1.64660749968  0.00368254456893
52  1.6462299409  0.00363102972932
53  1.64601591685  0.00356882177766
54  1.64622000313  0.00350856306168
55  1.64485595227  0.00370043947782
56  1.64481100512  0.003634633165
57  1.64456960721  0.0035788750387
58  1.64475139737  0.0035217843165
59  1.64481887178  0.00346273937287
60  1.644487689  0.00342082785421
61  1.64456195516  0.00336555477158
62  1.64486410935  0.00332480742717
63  1.64479572668  0.00327273585773
64  1.64506495319  0.00323265414227
65  1.64512717012  0.00318351967104
66  1.64489149606  0.00314399582755
67  1.64479364983  0.00309859270885
68  1.64525883219  0.00308774594717
69  1.64512030531  0.00304610181639
70  1.64515871008  0.00300282816697
71  1.64589622002  0.00304975842286
72  1.64546260928  0.00303806940141
73  1.64535430029  0.00299838203088
74  1.64591088768  0.00300907939472
75  1.64611128414  0.00297562378248
76  1.6463558844  0.00294650692185
77  1.64589609084  0.0029438967213
78  1.64571315573  0.0029118327445
79  1.64590490359  0.0028812806042
80  1.6463085794  0.00287340353255
81  1.64685811655  0.00289000106465
82  1.64737959075  0.00290142334728
83  1.64775836441  0.00289108470661
84  1.64810285615  0.00287711805457
85  1.64886221514  0.0029417723045
86  1.64862469025  0.00291713901911
87  1.64910750651  0.00292329114994
88  1.64937843687  0.00290259968096
89  1.64924475596  0.002873062928
90  1.64953811152  0.00285607734953
91  1.64942827791  0.00282680298168
92  1.64971804602  0.00281088930936
93  1.64912899265  0.00284171585586
94  1.64878766009  0.00283191021318
95  1.64878405764  0.00280210292331
96  1.64892179079  0.00277629732027
97  1.64889012125  0.00274785632148
98  1.64858088957  0.00273716145442
99  1.64859482893  0.0027095488527
100  1.64807985331  0.0027309529369
