1.98
1.972
1.94421
1.88512
1.77524
1.59512
1.35526
1.1265
0.992287
0.96923
1.01598
1.08241
1.13687
1.17077
1.18955
1.19527
1.18295
1.15434
1.12403
1.11232
1.12942
1.15846
1.1785
1.18009
1.16203
1.13318
1.11214
1.11168
1.12518
1.13821
1.1425
1.14005
1.13778
1.14066
1.14809
1.15111
1.14521
1.13518
1.12575
1.11807
1.11056
1.09954
1.08472
1.0687
1.05476
1.04793
1.05032
1.05995
1.07576
1.09511
1.1108
1.11762
1.11108
1.0862
1.05575
1.03704
1.03676
1.06081
1.0997
1.12884
1.13869
1.13499
1.12078
1.09925
1.07558
1.04947
1.02306
1.01576
1.03637
1.0627
1.07588
1.07601
1.07199
1.07009
1.06899
1.0642
1.05675
1.05376
1.05666
1.06287
1.07425
1.09111
1.10676
1.11033
1.09899
1.08195
1.06887
1.06338
1.06671
1.07582
1.08539
1.09997
1.12387
1.14926
1.16906
1.18182
1.18444
1.17618
1.16225
1.14576
1.12172
1.08621
1.046
1.01154
0.985542
0.96759
0.962149
0.972961
0.996657
1.02407
1.04356
1.0516
1.05889
1.07429
1.09128
1.10248
1.11169
1.12246
1.1348
1.1487
1.15727
1.15304
1.14086
1.12391
1.10375
1.08988
1.0945
1.12465
1.15493
1.15745
1.13503
1.09917
1.05641
1.01171
0.976137
0.964316
0.98049
1.01052
1.03919
1.05842
1.0621
1.05163
1.03828
1.03534
1.04739
1.06913
1.09196
1.10948
1.11609
1.10754
1.08865
1.07166
1.06111
1.05726
1.06846
1.09519
1.11687
1.11969
1.11662
1.12513
1.13988
1.14662
1.13914
1.12043
1.09713
1.07123
1.04123
1.01589
1.01164
1.02589
1.04233
1.05502
1.06389
1.06904
1.07418
1.08229
1.08952
1.09434
1.09948
1.10339
1.10348
1.09963
1.08868
1.06957
1.05512
1.05215
1.04822
1.04075
1.03955
1.04686
1.05418
1.04907
1.02981
1.01104
1.00154
0.999633
1.00933
1.03594
1.07255
1.10159
1.11083
1.11258
1.13469
1.17297
1.19672
1.19253
1.17141
1.14314
1.10433
1.05812
1.02148
1.0126
1.02744
1.05277
1.08583
1.12114
1.1396
1.13866
1.15438
1.16606
1.14808
1.11739
1.09016
1.07063
1.05925
1.06046
1.07996
1.11432
1.14493
1.15483
1.14682
1.1404
1.15093
1.17205
1.18476
1.17182
1.1343
1.09365
1.061
1.03746
1.02481
1.02032
1.02298
1.03285
1.04494
1.05012
1.0384
1.01164
0.994185
1.01131
