0 89.3398084018 0
100 109.924865375 7.2779166883
200 80.5540904042 7.10653281528
300 110.912006517 6.55685838876
400 96.1879589519 5.25229722695
500 92.7575851919 4.43314574577
600 99.2789303218 3.81616668274
700 96.4885934451 3.33966792357
800 109.130689217 3.23202188268
900 107.751278045 3.04426434772
1000 96.2660757406 2.77943254682
1100 105.638769288 2.6028936815
1200 99.2701411451 2.40274160819
1300 99.9034911715 2.23129000093
1400 94.0017264071 2.1127435188
1500 110.826808108 2.10275829025
1600 99.5093478139 1.97918555888
1700 95.3843622275 1.88483469751
1800 99.6144362589 1.78563288141
1900 91.4408312964 1.74253044783
2000 94.3514858762 1.67483550898
2100 94.756106431 1.60966220023
2200 94.6664466285 1.54960933416
2300 100.68895693 1.48746893219
2400 104.838892517 1.44813899277
2500 99.4344191227 1.39256651774
2600 105.163647598 1.3598224577
2700 100.629115377 1.31223074383
2800 102.2566427 1.27109859304
2900 99.6508330608 1.22876986618
3000 94.6342939173 1.19852684358
3100 94.2860538627 1.17087575854
3200 108.641964629 1.17093129239
3300 88.7286216667 1.17734203276
3400 93.8938064626 1.15280154796
3500 96.8328530245 1.12218104499
3600 106.548133244 1.11110395476
3700 96.947290748 1.08321790825
3800 97.7865982295 1.05587314758
3900 92.2280448192 1.04275029435
4000 98.404094245 1.01735737753
4100 98.8991967391 0.993139268341
4200 98.0639616845 0.970179730147
4300 92.9718971727 0.956995160032
4400 96.5995668771 0.936786102411
4500 96.6681719465 0.917342355584
4600 95.3570887672 0.900317720668
4700 97.3156161744 0.88188249184
4800 101.744925242 0.866450384892
4900 95.3373487452 0.851447028816
5000 100.092472926 0.835360722103
5100 93.0168175122 0.825881971576
5200 102.913590134 0.814722397402
5300 92.2158397356 0.807806470139
5400 94.0013920747 0.796974005527
5500 96.2682502127 0.783542054936
5600 105.658893935 0.780552870824
5700 90.6418964205 0.778363429056
5800 93.1915816259 0.769840437887
5900 101.630841959 0.759199795306
6000 85.6029690643 0.774340748468
6100 109.174288105 0.782560402232
6200 98.3381829879 0.770143038873
6300 99.0736131433 0.758236498301
6400 102.996125271 0.750163923724
6500 97.9944998947 0.738809126763
6600 113.277118799 0.76101124727
6700 96.7511128546 0.750247700236
6800 104.25272236 0.744055252963
6900 114.527059868 0.767656901655
7000 101.228482187 0.757623316837
7100 99.1835268861 0.747118740093
7200 101.830753124 0.738026991112
7300 84.7800465872 0.752161513194
7400 98.02913333 0.74218035206
7500 105.563701215 0.737959733244
7600 88.1625772633 0.741066716811
7700 106.335171951 0.738155817405
7800 105.913922726 0.734425809678
7900 101.356584132 0.725940751484
8000 110.918913062 0.732156046192
8100 104.095621569 0.72587969006
8200 94.5652362178 0.719136154705
8300 97.6740315403 0.710745386325
8400 87.2793958846 0.715574890365
8500 98.8652408729 0.707254333912
8600 95.622893015 0.700088690465
8700 88.270825891 0.702281681005
8800 92.5941818527 0.697711499786
8900 102.203754646 0.69110007026
9000 82.2385679334 0.706647943014
9100 89.5008900474 0.705661044748
9200 92.771902758 0.700638946719
9300 98.4116869558 0.693186126878
9400 89.6879451798 0.69181098134
9500 94.7342152335 0.685558635963
9600 99.4931641859 0.678623264665
9700 92.8593207007 0.673883492803
9800 92.7021200586 0.669316281783
9900 102.321534573 0.663958817089
