0 107.652683957 0
100 125.540971618 6.32446475454
200 100.214884732 6.13647977787
300 126.483187389 5.67646143666
400 113.843308087 4.54566286071
500 110.864822096 3.83382510778
600 116.607183736 3.30282444
700 113.918656915 2.89065975615
800 125.263055029 2.81058870181
900 123.926695478 2.65004022474
1000 113.569810218 2.42186381061
1100 122.00158843 2.26825156729
1200 116.377835743 2.09387249893
1300 117.149247569 1.94463140549
1400 111.841615411 1.84146417959
1500 126.406036182 1.83048135909
1600 116.903587124 1.72281133874
1700 112.976334095 1.64135546063
1800 116.803688079 1.55497055898
1900 109.357726783 1.52057372562
2000 112.165469621 1.46138160427
2100 112.575606174 1.40413031937
2200 112.447193058 1.35164735889
2300 117.718259096 1.29753298859
2400 121.283702147 1.26310140319
2500 116.764238208 1.21473739282
2600 121.517402491 1.18572815536
2700 117.75928959 1.14440819272
2800 119.176520716 1.10886853236
2900 116.71407947 1.07192491466
3000 112.321707774 1.04589715173
3100 111.922633751 1.02249510976
3200 124.614123044 1.02242611697
3300 107.034633914 1.02960159531
3400 111.894824285 1.00759698316
3500 114.293941994 0.980860770659
3600 122.903712265 0.9716696277
3700 114.395277319 0.947308804707
3800 115.275598194 0.923308698823
3900 110.204022209 0.912177882773
4000 115.885569671 0.889935285427
4100 116.172060593 0.86875431527
4200 115.600938738 0.848604785345
4300 110.830220846 0.837437720755
4400 114.143508677 0.819727169254
4500 114.149136549 0.802741968284
4600 113.013462864 0.787871491396
4700 114.684617787 0.77177295574
4800 118.443051308 0.758002208883
4900 112.97970759 0.744919995608
5000 117.176417779 0.730852110955
5100 110.906700594 0.722732351285
5200 119.627202625 0.712948493763
5300 110.103368132 0.707349644302
5400 111.902836619 0.697739579384
5500 113.689211492 0.686087064051
5600 121.86696142 0.682982850272
5700 109.104996308 0.680456391667
5800 111.203675291 0.672869655347
5900 118.322653542 0.663343937447
6000 104.460050409 0.67674367868
6100 125.088889704 0.683898947889
6200 115.57365318 0.673044872394
6300 116.639791072 0.66276997475
6400 119.667562411 0.655661613258
6500 115.313645671 0.645738674315
6600 128.398602318 0.663906071336
6700 114.183915817 0.654545011772
6800 120.827174636 0.64920983696
6900 129.948455899 0.67063391928
7000 118.290147297 0.661957894793
7100 116.327062421 0.652775990825
7200 118.748426136 0.644883800576
7300 103.772818289 0.657270666602
7400 115.532876986 0.648526835045
7500 122.020162253 0.644957359995
7600 106.984061955 0.647100873442
7700 122.782057275 0.644837558455
7800 122.20130148 0.641493102694
7900 118.199274736 0.634041396292
8000 126.652488751 0.639537116587
8100 120.786438679 0.634180266315
8200 112.297888405 0.628328848953
8300 115.098875913 0.620987234357
8400 106.17826325 0.624760574503
8500 116.058848523 0.617495948725
8600 113.452747019 0.611133943099
8700 107.057597456 0.612664828856
8800 110.980225937 0.608313804941
8900 119.065519197 0.602578567619
9000 101.595466964 0.616183073878
9100 107.974757824 0.615277082499
9200 110.786308071 0.610908082263
9300 115.681807663 0.604409324787
9400 108.164843353 0.603132245087
9500 112.738633843 0.597560340133
9600 116.812384958 0.591548196235
9700 110.924895863 0.587378970624
9800 110.730439003 0.583407842636
9900 118.711364152 0.578490616073
