0 2.49750124958 0
100 2.49750124958 0
200 2.49750124958 0
300 2.49750124958 0
400 2.49750124958 0
500 2.49750124958 0
600 2.49750124958 0
700 2.49750124958 0
800 2.49750124958 0
900 2.49750124958 0
1000 2.49750124958 0
1100 2.49750124958 0
1200 2.49750124958 8.26567703821e-09
1300 2.49750124958 7.96500569321e-09
1400 2.49750124958 1.08822694919e-08
1500 2.49750124958 1.05367121277e-08
1600 2.49750124958 1.02221122469e-08
1700 2.49750124958 1.21667471666e-08
1800 2.49750124958 1.18422420955e-08
1900 2.49750124958 1.15423898286e-08
2000 2.49750124958 1.12642190757e-08
2100 2.49750124958 1.1005236892e-08
2200 2.49750124958 8.7882254216e-09
2300 2.49750124958 8.60318942651e-09
2400 2.49750124958 5.96046447754e-09
2500 2.49750124958 5.84471628482e-09
2600 2.49750124958 -nan
2700 2.49750124958 -nan
2800 2.49750124958 -nan
2900 2.49750124958 -nan
3000 2.49750124958 -nan
3100 2.49750124958 -nan
3200 2.49750124958 -nan
3300 2.49750124958 -nan
3400 2.49750124958 -nan
3500 2.49750124958 -nan
3600 2.49750124958 -nan
3700 2.49750124958 -nan
3800 2.49750124958 -nan
3900 2.49750124958 -nan
4000 2.49750124958 -nan
4100 2.49750124958 -nan
4200 2.49750124958 -nan
4300 2.49750124958 -nan
4400 2.49750124958 -nan
4500 2.49750124958 -nan
4600 2.49750124958 -nan
4700 2.49750124958 -nan
4800 2.49750124958 -nan
4900 2.49750124958 -nan
5000 2.49750124958 -nan
5100 2.49750124958 -nan
5200 2.49750124958 -nan
5300 2.49750124958 -nan
5400 2.49750124958 -nan
5500 2.49750124958 -nan
5600 2.49750124958 -nan
5700 2.49750124958 -nan
5800 2.49750124958 -nan
5900 2.49750124958 -nan
6000 2.49750124958 -nan
6100 2.49750124958 -nan
6200 2.49750124958 -nan
6300 2.49750124958 -nan
6400 2.49750124958 -nan
6500 2.49750124958 -nan
6600 2.49750124958 -nan
6700 2.49750124958 -nan
6800 2.49750124958 -nan
6900 2.49750124958 -nan
7000 2.49750124958 -nan
7100 2.49750124958 -nan
7200 2.49750124958 -nan
7300 2.49750124958 -nan
7400 2.49750124958 -nan
7500 2.49750124958 -nan
7600 2.49750124958 -nan
7700 2.49750124958 -nan
7800 2.49750124958 -nan
7900 2.49750124958 -nan
8000 2.49750124958 -nan
8100 2.49750124958 -nan
8200 2.49750124958 -nan
8300 2.49750124958 -nan
8400 2.49750124958 -nan
8500 2.49750124958 -nan
8600 2.49750124958 -nan
8700 2.49750124958 -nan
8800 2.49750124958 -nan
8900 2.49750124958 -nan
9000 2.49750124958 -nan
9100 2.49750124958 -nan
9200 2.49750124958 -nan
9300 2.49750124958 -nan
9400 2.49750124958 -nan
9500 2.49750124958 -nan
9600 2.49750124958 -nan
9700 2.49750124958 -nan
9800 2.49750124958 -nan
9900 2.49750124958 -nan
