0 22.1565143581 0
100 22.279970837 0.0436484567249
200 22.1561932878 0.0336443748922
300 22.392203496 0.0491186135928
400 22.3578830712 0.0440803974635
500 22.2209409341 0.0374411120921
600 22.3008610744 0.0325307696856
700 22.1866355953 0.0299522325249
800 22.462774363 0.0342962242322
900 22.4359054421 0.034254747577
1000 22.2075702465 0.0320492855216
1100 22.3000336365 0.0293967943409
1200 22.2105014347 0.0277352721866
1300 22.37088164 0.0264683972005
1400 22.2661631504 0.0247456563704
1500 22.3848296007 0.0239424976561
1600 22.396956411 0.0233002613029
1700 22.181834612 0.0229003184122
1800 22.3212420868 0.0217442436475
1900 22.0799931231 0.0231450630447
2000 22.3774472349 0.0224711641456
2100 22.2545834524 0.0215009254075
2200 22.2622533731 0.0205918258509
2300 22.2517336161 0.0197815519543
2400 22.3534987545 0.0191846538465
2500 22.3196315233 0.0184883536841
2600 22.2942592207 0.0178050347327
2700 22.2896374295 0.017169207591
2800 22.3847446221 0.0168960633659
2900 22.2819684072 0.0163359392016
3000 22.3171572521 0.0158302181819
3100 22.1578113837 0.0158824649514
3200 22.3007570861 0.01540591404
3300 22.0503726672 0.0164661410806
3400 22.3045552418 0.0160090275435
3500 22.2235375605 0.0156465066621
3600 22.4251856522 0.0157054376026
3700 22.3337667913 0.0153459949251
3800 22.2779008613 0.0149537775166
3900 22.1879649109 0.0147770052669
4000 22.3878081551 0.0146361689535
4100 22.3275339705 0.0143218269326
4200 22.3422879707 0.0140473530592
4300 22.2494312795 0.0137551634557
4400 22.2919300801 0.0134499386841
4500 22.2262270146 0.013222401174
4600 22.2649360505 0.0129484777308
4700 22.2503104717 0.0126992124475
4800 22.2502104833 0.012459383736
4900 22.1955053494 0.0123348823712
5000 22.2949756226 0.0120956066055
5100 22.2802083151 0.0118630688578
5200 22.3811281499 0.011784851438
5300 22.2341097568 0.0116030222671
5400 22.2875355679 0.0113923204017
5500 22.1805968374 0.0113356130971
5600 22.2892600217 0.0111375624817
5700 22.2593267484 0.0109521691739
5800 22.3362401966 0.0108061378765
5900 22.2273605644 0.0106645808441
6000 22.193080196 0.0105872701817
6100 22.3799179234 0.0105389017819
6200 22.2302028898 0.0104029371471
6300 22.4568386311 0.0105985297671
6400 22.2841248488 0.0104354818417
6500 22.2777707593 0.0102777146364
6600 22.2506141906 0.010135884458
6700 22.269055786 0.00998884469582
6800 22.3482184726 0.00988923729748
6900 22.4334577517 0.00997712640176
7000 22.3506736387 0.00987848530715
7100 22.2239566822 0.00977953967102
7200 22.3350602721 0.00966888009087
7300 22.2339234591 0.00956420771375
7400 22.3648202204 0.00949467335444
7500 22.3752853035 0.00944091605008
7600 22.3655807729 0.00937201377467
7700 22.4571480479 0.00949673589695
7800 22.2219292302 0.00941679351576
7900 22.3006316634 0.00929998321259
8000 22.3912508736 0.0092682230162
8100 22.3503385819 0.00918284145465
8200 22.2144783928 0.00911995910336
8300 22.3157660217 0.00901601035351
8400 22.3322028293 0.0089225454824
8500 22.2665833909 0.00882374228694
8600 22.3108569414 0.00872502616546
8700 22.3506408014 0.00865123463701
8800 22.4042242057 0.00864426046974
8900 22.3782338826 0.0085987555513
9000 22.2383313374 0.00852671686479
9100 22.1993260122 0.00849628945382
9200 22.260071341 0.00841242375657
9300 22.3689914078 0.0083617801401
9400 22.2367332084 0.00829524591012
9500 22.3359394145 0.00822082297942
9600 22.3580789456 0.00816293547564
9700 22.3029753685 0.0080801284379
9800 22.2727513672 0.00800144629228
9900 22.1228517305 0.00810260854628
