0.129266081402  0  0
0.193899122103  0  0
0.258532162804  0  0
0.323165203505  0  0
0.387798244206  0  0
0.452431284907  0  0
0.517064325608  0  0
0.581697366309  0  0
0.64633040701  0  0
0.710963447711  0  0
0.775596488411  0  0
0.840229529112  0  0
0.904862569813  0  0
0.969495610514  0.00136260460516  0.000503733870578
1.03412865122  0.117684118077  0.00537428753368
1.09876169192  0.833878482895  0.0208076601113
1.16339473262  1.61434224577  0.0305204182147
1.22802777332  1.88172881595  0.0305608312638
1.29266081402  1.68585619972  0.0312623388804
1.35729385472  1.4711541547  0.0274297514763
1.42192689542  1.29627045941  0.0239384264665
1.48655993612  1.17285814487  0.0215913409661
1.55119297682  1.09393726008  0.0187667779676
1.61582601752  1.03244103948  0.0183698703531
1.68045905822  1.01185976786  0.018449863113
1.74509209893  0.964065017829  0.0177026303053
1.80972513963  0.962093083617  0.0166851972628
1.87435818033  0.933284668568  0.0150905318521
1.93899122103  0.927736790683  0.0172387057163
2.00362426173  0.942110774246  0.0162080288994
2.06825730243  0.935749643009  0.0144145251224
2.13289034313  0.910785409094  0.0134528884763
2.19752338383  0.931128855033  0.010802347338
2.26215642453  0.926573293801  0.0126863588304
2.32678946523  0.911960637437  0.0111496797036
2.39142250594  0.9118657028  0.0125514337846
2.45605554664  0.912302707419  0.011840430848
2.52068858734  0.919796396867  0.0122839226103
2.58532162804  0.924228989283  0.0126025741522
2.64995466874  0.929377019289  0.0105515277021
2.71458770944  0.910632990941  0.0109475373784
2.77922075014  0.909183389464  0.0106189610705
2.84385379084  0.923203908696  0.0107666119994
2.90848683154  0.916388439143  0.00969758013235
2.97311987224  0.91687138361  0.0107993199677
3.03775291294  0.916022852757  0.0103498096339
3.10238595365  0.915081222888  0.0098113158852
3.16701899435  0.922813610133  0.00881125555634
3.23165203505  0.914057193552  0.00971362202847
3.29628507575  0.916987330706  0.0088863222855
3.36091811645  0.917048987751  0.00883589528018
3.42555115715  0.919051015023  0.00900564036727
3.49018419785  0.927272485757  0.00874161409078
3.55481723855  0.925929046543  0.00946942727153
3.61945027925  0.912332660349  0.00859429123223
3.68408331995  0.919236626142  0.00853962674572
3.74871636066  0.917053696014  0.00800228114384
3.81334940136  0.929269168169  0.00882568911123
3.87798244206  0.922202722814  0.00781287924969
3.94261548276  0.919372107228  0.00709447172392
4.00724852346  0.921946883937  0.00721045249103
4.07188156416  0.921728232516  0.00716623735078
4.13651460486  0.91876823954  0.00642911998839
4.20114764556  0.932599798488  0.00676040099983
4.26578068626  0.934099733356  0.0057612398963
4.33041372696  0.931117895224  0.00716458582152
4.39504676767  0.932123773507  0.00716656115111
4.45967980837  0.932792861931  0.00696936847915
4.52431284907  0.928913688643  0.00617420125457
4.58894588977  0.933144138771  0.00619621930183
4.65357893047  0.938351052393  0.00642613210231
4.71821197117  0.936588392647  0.00558878982748
4.78284501187  0.934809751609  0.00619083010566
4.84747805257  0.938211649401  0.00630577486525
4.91211109327  0.940513033504  0.00586190569501
4.97674413397  0.935908561244  0.00559282090808
5.04137717467  0.93454272101  0.00618378867572
5.10601021538  0.94238945154  0.00537350119464
5.17064325608  0.944796581968  0.0053529105536
5.23527629678  0.943310330543  0.00530794962015
5.29990933748  0.932750685866  0.00499005544788
5.36454237818  0.927711911962  0.0059811871242
5.42917541888  0.929082076589  0.00537278960031
5.49380845958  0.929552349175  0.00583614944787
5.55844150028  0.930273488133  0.00555345475401
5.62307454098  0.933526321652  0.00568117413619
5.68770758168  0.934533427268  0.00513818572627
5.75234062239  0.93677533195  0.00493431607726
5.81697366309  0.933711195907  0.00486539737438
5.88160670379  0.931848580104  0.00441426949467
5.94623974449  0.939291127866  0.0045098634469
6.01087278519  0.93345399839  0.0045241225928
6.07550582589  0.944646580962  0.00404721304342
6.14013886659  0.951180109657  0.00452715849969
6.20477190729  0.951526837099  0.00430444603114
6.26940494799  0.943627046553  0.00448439621903
6.33403798869  0.947500568779  0.00462528542578
6.39867102939  0.947645793708  0.00427350992822
6.4633040701  0.942028523666  0.00451944574206
6.5279371108  0.940488739764  0.00433503841637
