1  1.24064622511  0
2  1.25351988079  0.00910304923161
3  1.25231429841  0.00614801317994
4  1.24038761436  0.0113113109929
5  1.22381030863  0.0173704040372
6  1.21322580681  0.0174038818877
7  1.20859943283  0.0155203381335
8  1.20947062324  0.0136047248033
9  1.20538928371  0.0126905205686
10  1.19933028968  0.0127863290579
11  1.19602575626  0.0120433839037
12  1.19717080501  0.0110940689341
13  1.19599169718  0.0103031478777
14  1.19637874072  0.00957447573737
15  1.1966334466  0.0089395646313
16  1.1960396697  0.00840053839323
17  1.19652061014  0.00792014430631
18  1.19601221465  0.00749643553046
19  1.19525530952  0.00713999589381
20  1.19481426168  0.00679660452872
21  1.19479585018  0.00647298163166
22  1.19524082594  0.00619403091784
23  1.19670794234  0.00609599996709
24  1.19867092049  0.00614993442006
25  1.20058905473  0.00619584877521
26  1.20270626403  0.00630892490914
27  1.20401221532  0.00620895629668
28  1.20359215118  0.00600140066006
29  1.20361961396  0.00579451864503
30  1.20424089401  0.00563457596793
31  1.204602684  0.00546441817903
32  1.20597419444  0.00546306166996
33  1.2055079787  0.00531737047675
34  1.20490755713  0.00519476552782
35  1.2046961646  0.00505064296162
36  1.20431580048  0.00492464911473
37  1.2047166312  0.00480783517388
38  1.20477432107  0.00468165929718
39  1.20475917452  0.00456164125281
40  1.20416477186  0.0044861597596
41  1.2032043821  0.00447836085837
42  1.20324694354  0.00437193546186
43  1.20333731612  0.00427119649104
44  1.20318694852  0.00417676985298
45  1.20308787355  0.00408512762875
46  1.20269046595  0.00401560419745
47  1.20240010325  0.00394064968652
48  1.20192801225  0.00388672826902
49  1.20221658383  0.00381810480729
50  1.20234619701  0.0037439420536
51  1.20261534939  0.0036801934046
52  1.20247795979  0.0036119840699
53  1.20271731985  0.00355175556503
54  1.20280185671  0.00348698821781
55  1.20243155819  0.0034431941046
56  1.20194693812  0.00341564270536
57  1.20161702004  0.00337161494918
58  1.20139171541  0.00332100299835
59  1.20139987769  0.00326472484247
60  1.2017442538  0.00322842474725
61  1.20146577661  0.0031874875548
62  1.2008688077  0.00319148860825
63  1.20086577673  0.00314083149817
64  1.20130848521  0.00312280060859
65  1.20190671942  0.00313153509909
66  1.20228114569  0.00310639134229
67  1.2031170386  0.00317049765632
68  1.20345561314  0.00314189871397
69  1.20367343204  0.00310390514904
70  1.20399316965  0.00307598787243
71  1.20477098376  0.00312946086059
72  1.20548525862  0.00316646091258
73  1.20611687771  0.00318545694837
74  1.20643408789  0.00315816475409
75  1.20652262615  0.00311729671603
76  1.20663516886  0.00307831052956
77  1.20671272111  0.0030393092052
78  1.20688634863  0.00300529904602
79  1.20705602009  0.00297204303403
80  1.20727351196  0.00294283968161
81  1.20753535788  0.00291813424743
82  1.20725141015  0.0028963290011
83  1.20690625639  0.0028819259723
84  1.20673287044  0.00285282829095
85  1.20650832846  0.00282808848624
86  1.20671115132  0.0028024672528
87  1.20693417931  0.00277911540347
88  1.20717983199  0.00275837009541
89  1.2072924106  0.00272967356723
90  1.20748120248  0.00270586467239
91  1.20723151599  0.00268762524733
92  1.20732853087  0.00266016232054
93  1.20753565758  0.00263960980256
94  1.2076406193  0.00261361486817
95  1.20755730145  0.0025874308116
96  1.20751886063  0.00256076394428
97  1.20772429999  0.00254259173166
98  1.20813991974  0.00255038993662
99  1.20861502633  0.0025685005123
100  1.20910995727  0.0025900613463
