1  1.86096933766  0.0
2  1.88027982119  0.0136545738474
3  1.87847144761  0.00922201976993
4  1.86058142155  0.0169669664894
5  1.83571546294  0.0260556060559
6  1.81983871022  0.0261058228316
7  1.81289914925  0.0232805072002
8  1.81420593486  0.0204070872049
9  1.80808392557  0.0190357808529
10  1.79899543452  0.0191794935868
11  1.7940386344  0.0180650758556
12  1.79575620752  0.0166411034011
13  1.79398754578  0.0154547218165
14  1.79456811107  0.014361713606
15  1.79495016989  0.0134093469469
16  1.79405950454  0.0126008075898
17  1.79478091521  0.0118802164594
18  1.79401832197  0.0112446532957
19  1.79288296428  0.0107099938407
20  1.79222139252  0.0101949067931
21  1.79219377528  0.00970947244748
22  1.79286123891  0.00929104637676
23  1.79506191351  0.00914399995064
24  1.79800638073  0.00922490163008
25  1.8008835821  0.00929377316282
26  1.80405939604  0.0094633873637
27  1.80601832298  0.00931343444501
28  1.80538822678  0.00900210099008
29  1.80542942094  0.00869177796754
30  1.80636134101  0.0084518639519
31  1.80690402599  0.00819662726854
32  1.80896129166  0.00819459250494
33  1.80826196806  0.00797605571512
34  1.8073613357  0.00779214829172
35  1.8070442469  0.00757596444244
36  1.80647370072  0.0073869736721
37  1.8070749468  0.00721175276083
38  1.80716148161  0.00702248894577
39  1.80713876178  0.00684246187922
40  1.80624715779  0.00672923963941
41  1.80480657315  0.00671754128755
42  1.80487041531  0.00655790319279
43  1.80500597418  0.00640679473657
44  1.80478042278  0.00626515477947
45  1.80463181033  0.00612769144313
46  1.80403569892  0.00602340629617
47  1.80360015488  0.00591097452978
48  1.80289201838  0.00583009240354
49  1.80332487574  0.00572715721094
50  1.80351929551  0.0056159130804
51  1.80392302408  0.0055202901069
52  1.80371693968  0.00541797610485
53  1.80407597977  0.00532763334755
54  1.80420278507  0.00523048232672
55  1.80364733728  0.0051647911569
56  1.80292040718  0.00512346405804
57  1.80242553007  0.00505742242378
58  1.80208757311  0.00498150449753
59  1.80209981654  0.0048970872637
60  1.8026163807  0.00484263712088
61  1.80219866491  0.00478123133221
62  1.80130321155  0.00478723291237
63  1.8012986651  0.00471124724726
64  1.80196272782  0.00468420091289
65  1.80286007913  0.00469730264864
66  1.80342171853  0.00465958701344
67  1.80467555791  0.00475574648448
68  1.80518341971  0.00471284807095
69  1.80551014806  0.00465585772356
70  1.80598975448  0.00461398180865
71  1.80715647564  0.00469419129088
72  1.80822788793  0.00474969136888
73  1.80917531656  0.00477818542255
74  1.80965113184  0.00473724713113
75  1.80978393922  0.00467594507404
76  1.80995275329  0.00461746579434
77  1.81006908166  0.0045589638078
78  1.81032952294  0.00450794856904
79  1.81058403014  0.00445806455105
80  1.81091026794  0.00441425952242
81  1.81130303682  0.00437720137114
82  1.81087711523  0.00434449350165
83  1.81035938459  0.00432288895844
84  1.81009930566  0.00427924243643
85  1.80976249269  0.00424213272937
86  1.81006672699  0.00420370087919
87  1.81040126896  0.00416867310521
88  1.81076974798  0.00413755514311
89  1.8109386159  0.00409451035084
90  1.81122180371  0.00405879700858
91  1.81084727398  0.00403143787099
92  1.81099279631  0.00399024348081
93  1.81130348638  0.00395941470384
94  1.81146092894  0.00392042230225
95  1.81133595217  0.0038811462174
96  1.81127829094  0.00384114591642
97  1.81158644999  0.00381388759749
98  1.8122098796  0.00382558490492
99  1.81292253949  0.00385275076845
100  1.81366493591  0.00388509201944
