  1  -0.454285211188  0
  2  -0.473581998228  0.0136448889711
  3  -0.471669651834  0.00922962857401
  4  -0.453724524058  0.0170128732939
  5  -0.428813751719  0.0261089542448
  6  -0.412903531361  0.0261597605793
  7  -0.405935988724  0.0233320966479
  8  -0.407205461304  0.0204500906786
  9  -0.40105444243  0.0190805051277
  10  -0.391944326317  0.0192246714286
  11  -0.386978066649  0.0181070759223
  12  -0.388681819747  0.016678116122
  13  -0.386907165794  0.015489313388
  14  -0.387474904157  0.0143933349134
  15  -0.387851329164  0.0134387006219
  16  -0.386954276215  0.0126286861419
  17  -0.387675853235  0.0119064191148
  18  -0.386916041407  0.0112691691217
  19  -0.385785407142  0.0107326232845
  20  -0.385133568987  0.0102157674037
  21  -0.38511378178  0.00972932145241
  22  -0.385786467632  0.00931030529553
  23  -0.387989938061  0.00916254771458
  24  -0.390936272149  0.00924235839818
  25  -0.393815158708  0.00931024359866
  26  -0.396988220994  0.00947745754241
  27  -0.398941578855  0.00932556733488
  28  -0.398309204085  0.00901392679795
  29  -0.398349999162  0.0087031940503
  30  -0.399280242821  0.00846265625079
  31  -0.399823421046  0.00820708085815
  32  -0.401881602218  0.00820462820736
  33  -0.401180384916  0.0079859120343
  34  -0.400280996357  0.00780151330441
  35  -0.399968209408  0.00758488063364
  36  -0.399403095461  0.0073952115379
  37  -0.400010110126  0.00722021050333
  38  -0.400100092607  0.00703076564852
  39  -0.400079576743  0.00685051953896
  40  -0.399189888904  0.00673678142043
  41  -0.397750069682  0.00672457241416
  42  -0.397814172276  0.00656476907193
  43  -0.397945949014  0.00641342248595
  44  -0.397717824175  0.0062717187613
  45  -0.397566209494  0.00613417955219
  46  -0.396968672899  0.00602986090923
  47  -0.396531276145  0.0059174087722
  48  -0.395821975125  0.0058364854398
  49  -0.396252231049  0.00573321043088
  50  -0.396443858965  0.00562174781407
  51  -0.396845374243  0.00552583733148
  52  -0.396637282287  0.00542348797659
  53  -0.396994667758  0.00533292012873
  54  -0.397118241154  0.00523559386225
  55  -0.396561022987  0.0051699682543
  56  -0.395831353388  0.0051288803172
  57  -0.395334852994  0.00506287474394
  58  -0.394996115112  0.00498690276332
  59  -0.395008943886  0.00490239548861
  60  -0.39552350746  0.00484761840365
  61  -0.395104395765  0.00478623257843
  62  -0.394207644704  0.0047923068933
  63  -0.394201756749  0.00471624214696
  64  -0.394864257764  0.00468885147804
  65  -0.395760084929  0.00470151254747
  66  -0.396322213685  0.00466376144747
  67  -0.397576602764  0.00475985812993
  68  -0.39808466539  0.00471689733669
  69  -0.398411725933  0.00465986158319
  70  -0.398891172376  0.00461789104029
  71  -0.400057515249  0.00469783373557
  72  -0.401127812152  0.00475294421484
  73  -0.402073760155  0.00478104177889
  74  -0.402547650077  0.00473986056246
  75  -0.402680620241  0.0046785271959
  76  -0.402848979915  0.00461999589754
  77  -0.402966671561  0.00456149476682
  78  -0.403228356386  0.00451051401496
  79  -0.403482701655  0.00446058432747
  80  -0.403809897422  0.00441681106252
  81  -0.404200431263  0.00437951397285
  82  -0.40377420623  0.00434679641678
  83  -0.403255896519  0.00432521647749
  84  -0.402994452343  0.00428162020593
  85  -0.402656865561  0.00424453595018
  86  -0.402961432147  0.00420609377157
  87  -0.403295318803  0.0041709790499
  88  -0.403663429007  0.00413979349477
  89  -0.403831671192  0.00409669623572
  90  -0.404113370059  0.00406085099114
  91  -0.403737578446  0.00403357667672
  92  -0.403882639059  0.00399234102698
  93  -0.404192187962  0.00396139499522
  94  -0.404348773406  0.00392234601769
  95  -0.404223208714  0.00388306747405
  96  -0.404166838431  0.00384302799494
  97  -0.404475784124  0.00381580720249
  98  -0.405100635429  0.003827689258
  99  -0.405815932291  0.00385528175448
  100  -0.406559388338  0.00388775248735
