0.0461328575897  0  0
0.0691992863846  0  0
0.0922657151794  0  0
0.115332143974  0  0
0.138398572769  0  0
0.161465001564  0  0
0.184531430359  0  0
0.207597859154  0  0
0.230664287949  0  0
0.253730716743  0  0
0.276797145538  0  0
0.299863574333  0  0
0.322930003128  0  0
0.345996431923  0  0
0.369062860718  0  0
0.392129289513  0  0
0.415195718307  0  0
0.438262147102  0  0
0.461328575897  0  0
0.484395004692  0  0
0.507461433487  0  0
0.530527862282  0  0
0.553594291077  0  0
0.576660719871  0  0
0.599727148666  0  0
0.622793577461  0  0
0.645860006256  0  0
0.668926435051  0  0
0.691992863846  0  0
0.715059292641  0  0
0.738125721435  0  0
0.76119215023  0  0
0.784258579025  0  0
0.80732500782  0  0
0.830391436615  0  0
0.85345786541  0  0
0.876524294205  0  0
0.899590722999  0  0
0.922657151794  5.98925779508e-05  2.67765069471e-05
0.945723580589  0.00334007344048  0.000267974787729
0.968790009384  0.0455715344598  0.00105480889745
0.991856438179  0.281752189197  0.00217783504318
1.01492286697  0.948499356244  0.00351704485269
1.03798929577  2.09276201977  0.00626801607538
1.06105572456  3.32723418133  0.00796524006904
1.08412215336  4.20656821216  0.00898458475505
1.10718858215  4.45968624094  0.00972071079298
1.13025501095  4.08134729181  0.00858449878031
1.15332143974  3.34492440274  0.00828280777557
1.17638786854  2.47776350195  0.0073054642067
1.19945429733  1.68213236951  0.00540127819794
1.22252072613  1.06111761728  0.00395972946585
1.24558715492  0.62405920819  0.00346466336879
1.26865358372  0.340764881074  0.00267661049301
1.29172001251  0.178169669828  0.00247435950334
1.31478644131  0.0883391855161  0.00157667768854
1.3378528701  0.0497901234901  0.00122975437049
1.3609192989  0.0436628797968  0.00117424586721
1.38398572769  0.0637870402748  0.00143324831833
1.40705215649  0.110399805429  0.00181571084643
1.43011858528  0.184122229235  0.00231182641668
1.45318501408  0.289977687887  0.00224734319093
1.47625144287  0.428270830613  0.00250556826181
1.49931787167  0.588269466551  0.00245150943411
1.52238430046  0.740823505123  0.0026847243073
1.54545072926  0.853223867123  0.0042084735818
1.56851715805  0.889900647714  0.00446745074441
1.59158358685  0.862777239252  0.00418411030602
1.61465001564  0.758244941213  0.00342065685937
1.63771644443  0.605696860358  0.00253809381063
1.66078287323  0.441277794777  0.00212493397517
1.68384930202  0.306806506208  0.00216732165184
1.70691573082  0.217511869629  0.00225729935734
1.72998215961  0.195941817136  0.00254390173685
1.75304858841  0.255518540952  0.00256878886675
1.7761150172  0.424247360989  0.00309001618447
1.799181446  0.724076994414  0.00329968538469
1.82224787479  1.14724666126  0.00301497595396
1.84531430359  1.64650282023  0.004410536037
1.86838073238  2.1156063798  0.00429681365579
1.89144716118  2.44769411218  0.00544351787744
1.91451358997  2.55880372159  0.00611114939078
1.93758001877  2.41550883079  0.00549162161299
1.96064644756  2.06543562558  0.00482326289257
1.98371287636  1.60304381307  0.00297386289624
2.00677930515  1.15431715036  0.00318234343481
2.02984573395  0.780959471901  0.00266334319336
2.05291216274  0.536919705164  0.0028671255889
2.07597859154  0.431955214871  0.00289951943948
2.09904502033  0.460261167987  0.00234539309307
2.12211144913  0.573469606414  0.00223157783445
2.14517787792  0.729158704312  0.00204293459734
2.16824430672  0.872315348462  0.0020450728514
2.19131073551  0.948482334146  0.00258977113534
2.21437716431  0.949494231171  0.00253723575081
2.2374435931  0.875956334022  0.00254817223206
2.2605100219  0.757486739932  0.00226557413937
2.28357645069  0.641622826148  0.00250238063017
2.30664287949  0.566894444598  0.00336450736452
2.32970930828  0.572169615473  0.00344374629963
