1  -6.66346284524  0
2  -6.66427546789  0.000574610978554
3  -6.66340182415  0.000809679728509
4  -6.66146950171  0.0017802154269
5  -6.66117684931  0.00144802734831
6  -6.66099981322  0.00121746358932
7  -6.6600737276  0.00135058933285
8  -6.65988188788  0.00119531261892
9  -6.66101925587  0.00150956232857
10  -6.66094157258  0.00136060344955
11  -6.66119151093  0.00125965948645
12  -6.66134713481  0.00116426140508
13  -6.66147817037  0.00108205161992
14  -6.6616933826  0.00102594108616
15  -6.66146056253  0.000983607625186
16  -6.66179749286  0.000978138345574
17  -6.66207090104  0.000958050455785
18  -6.66182963149  0.000934711779068
19  -6.66211547886  0.000928195880645
20  -6.66138275921  0.00113471621292
21  -6.66177072405  0.00114508649292
22  -6.66092101724  0.00137255729303
23  -6.6610185711  0.00131634312084
24  -6.66100376431  0.00126157876484
25  -6.66127297279  0.00123950607473
26  -6.66121258045  0.00119330310234
27  -6.66145481159  0.00117343467156
28  -6.6616156585  0.00114249703872
29  -6.66171668806  0.00110755853998
30  -6.66152439904  0.00108720394048
31  -6.66133069892  0.00106924877767
32  -6.66138756921  0.00103734603511
33  -6.66128452907  0.00101101587074
34  -6.6614166082  0.000989869923244
35  -6.66112017894  0.00100499306618
36  -6.66126705609  0.000987751140361
37  -6.66129564679  0.000961468857182
38  -6.6611558558  0.00094627480541
39  -6.66118193102  0.000922370538651
40  -6.66093843179  0.000930897603064
41  -6.66083518164  0.000913900821186
42  -6.66091880488  0.0008959589328
43  -6.66088976816  0.000875593070897
44  -6.66096810722  0.000859190567871
45  -6.66094543245  0.000840396594091
46  -6.66106637875  0.000830784557134
47  -6.66114567591  0.000816883921932
48  -6.66113080956  0.000800000770839
49  -6.66103737875  0.000789111181561
50  -6.66121647515  0.000793392519226
51  -6.66097867455  0.000812692350545
52  -6.66112272734  0.000809729960833
53  -6.66102644724  0.000800155606628
54  -6.66103882095  0.000785433578589
55  -6.66128090964  0.000807600306164
56  -6.6611274967  0.000807618706521
57  -6.66112364274  0.000793459152881
58  -6.66117627368  0.000781522405026
59  -6.66113638987  0.000769293294402
60  -6.66103579787  0.000763020049326
61  -6.66108793092  0.000752290400924
62  -6.66102688922  0.000742629052251
63  -6.66088236312  0.000744771931823
64  -6.66060815379  0.000781986342856
65  -6.66050466935  0.000776772929953
66  -6.66056582501  0.000767407272517
67  -6.66043144773  0.000767628382917
68  -6.66024704332  0.000778173952631
69  -6.6603031051  0.000768912839535
70  -6.66039228965  0.000763083005057
71  -6.66038715348  0.00075235264228
72  -6.66032169237  0.000744745693027
73  -6.66042454148  0.000741611406824
74  -6.66029727137  0.000742429917643
75  -6.6603614462  0.000735299221916
76  -6.66022819847  0.000737598715228
77  -6.66025069809  0.000728362593234
78  -6.6602662927  0.000719191536086
79  -6.66023238372  0.000710886779081
80  -6.66041450778  0.000724954848911
81  -6.66034286089  0.000719536490741
82  -6.66031804406  0.000711189493043
83  -6.66041631965  0.000709378546315
84  -6.66030394237  0.000709778960954
85  -6.6604528589  0.000716880287232
86  -6.66051057727  0.000710864219978
87  -6.66039003652  0.000712840114486
88  -6.66034347852  0.000706258452377
89  -6.66026981603  0.000702153940199
90  -6.66032527811  0.000696539218215
91  -6.6602123497  0.000697979331323
92  -6.66005425893  0.000708069891327
93  -6.66017481201  0.000710644577302
94  -6.66016739855  0.000703123196148
95  -6.6602070176  0.000696837217094
96  -6.66017323432  0.000690396931899
97  -6.66008035527  0.000689498640629
98  -6.66014830147  0.000685802626634
99  -6.66013041336  0.000679108579305
100  -6.66010803668  0.000672686049146
