1  7.71558649092  0
2  7.76044270543  0.0317181334588
3  7.73735249571  0.0283296206789
4  7.75264386559  0.0250362469547
5  7.74742234902  0.0205662862889
6  7.7445619305  0.0173363483879
7  7.73323158434  0.0181892468591
8  7.73141044418  0.0160064992893
9  7.7256274913  0.0152368852393
10  7.71590474677  0.0165266557175
11  7.71491950619  0.0150535715021
12  7.71081037612  0.0143489801239
13  7.71490165582  0.01381617311
14  7.7141074039  0.0128521129509
15  7.71941498271  0.01304529489
16  7.72108687681  0.0123366343243
17  7.72183907643  0.0116338592248
18  7.72030889024  0.0110877087441
19  7.72252149604  0.0107226407567
20  7.72193266782  0.0102026635057
21  7.72564618141  0.0103706386027
22  7.72486357945  0.00992873086644
23  7.72605991943  0.00956885061533
24  7.72703892734  0.00922009459947
25  7.7253601885  0.00900282103752
26  7.72645898693  0.00872335540398
27  7.72939175868  0.00887958863159
28  7.72866811203  0.00859189684533
29  7.72671434995  0.00851486615571
30  7.72599268502  0.00826156250552
31  7.72553160873  0.00800791644501
32  7.72777893308  0.00806684999424
33  7.72646972882  0.00792792643619
34  7.72554689292  0.00774827649308
35  7.72482210557  0.00756072010949
36  7.72443994173  0.00736035218815
37  7.72487612764  0.00717433663593
38  7.72619407502  0.00710556264946
39  7.72651239149  0.00693049507132
40  7.72609743503  0.006769643848
41  7.72506411756  0.00668292800113
42  7.72405105106  0.00660014951092
43  7.72340126137  0.00647856484262
44  7.72401587506  0.00636041175019
45  7.72490052521  0.00628028957903
46  7.72404163799  0.00620221383945
47  7.72245622579  0.00626961002397
48  7.722331105  0.00614024152138
49  7.72056422726  0.00626398707881
50  7.72017392987  0.00615085467104
51  7.72076514831  0.00605859692524
52  7.72088373428  0.00594324588451
53  7.71845673629  0.00630721929764
54  7.71973283691  0.00631819303985
55  7.7191768735  0.00622772950228
56  7.71865734657  0.00613815167058
57  7.7189294635  0.00603649353831
58  7.71963938998  0.00597401593397
59  7.72013099353  0.00589295381412
60  7.72000555233  0.00579607287449
61  7.71956625871  0.0057176784341
62  7.71972320868  0.00562761153623
63  7.71995181909  0.0055429258432
64  7.72078058911  0.0055179280178
65  7.72303099098  0.00587403483068
66  7.72267379985  0.00579588425302
67  7.72271241255  0.00570950713703
68  7.72176605519  0.00570343447218
69  7.72158256205  0.00562372693387
70  7.72079477703  0.005598293464
71  7.72044053502  0.00553064055248
72  7.72214718375  0.0057110783184
73  7.72181248189  0.00564264356723
74  7.72193750534  0.00556777652046
75  7.72268894326  0.00554401536916
76  7.72102752491  0.00571459306801
77  7.72276734649  0.00589928189634
78  7.72162332824  0.00593354015622
79  7.72193885181  0.0058668152394
80  7.72257691896  0.00582807443687
81  7.7219020405  0.00579506590178
82  7.72129690957  0.0057559020705
83  7.72116939552  0.00568796612623
84  7.72078619994  0.00563314530725
85  7.72162698633  0.00562926994555
86  7.72035853857  0.00570493378803
87  7.71875948618  0.00585917719919
88  7.71932751156  0.00582006448157
89  7.71936753098  0.00575480808602
90  7.7208826459  0.00588693639288
91  7.72000113718  0.00588787337236
92  7.72042160148  0.00583886852783
93  7.72173815082  0.00592265332268
94  7.72026689637  0.00603962065977
95  7.7213291551  0.00606874270811
96  7.72132200629  0.00600553084878
97  7.72132542076  0.00594361913028
98  7.72110983687  0.00588687843109
99  7.72100559222  0.00582833791989
100  7.72166040908  0.00580672254081
