1  0.802409597365  0
2  0.803347432846  0.000663149828122
3  0.802528758306  0.000801418103805
4  0.801157311782  0.00133113733363
5  0.800902492738  0.00108902673085
6  0.800892063905  0.000907572209087
7  0.800346008272  0.00092775972222
8  0.800294680713  0.000813208345397
9  0.801017897267  0.000993700760173
10  0.800934675151  0.00089780883327
11  0.801082705844  0.000828303601371
12  0.801142071183  0.000761402715575
13  0.801248215431  0.000710193321137
14  0.801316930746  0.000662781192253
15  0.801158597429  0.000637227496036
16  0.801350658881  0.000625675487208
17  0.801478662037  0.000601822320531
18  0.801295176894  0.000595702149822
19  0.801513683992  0.00060309426277
20  0.801070272762  0.000717664664441
21  0.801306970749  0.000721468522836
22  0.800769734876  0.000865895923358
23  0.800854030896  0.000832341321009
24  0.800864800714  0.000797730105928
25  0.801018700785  0.000780525128294
26  0.800960836061  0.000752646793696
27  0.801088456917  0.000735511278305
28  0.801207680061  0.00071884085079
29  0.801256016921  0.000695676489508
30  0.801145705561  0.000681177002552
31  0.800995054011  0.000675657520863
32  0.801045747338  0.000656442181731
33  0.801002417696  0.00063797841704
34  0.801067201744  0.00062249493064
35  0.800862444453  0.000637495950403
36  0.800967478995  0.000628380961807
37  0.800987387839  0.000611712994839
38  0.800904320089  0.00060122893523
39  0.800947705392  0.000587376087068
40  0.800769950091  0.000598984799024
41  0.800680156524  0.00059106755366
42  0.800745523874  0.000580597818737
43  0.800717591964  0.000567767032746
44  0.800747576137  0.000555654415023
45  0.800732498656  0.000543511061643
46  0.800798433517  0.000535680046534
47  0.800849727625  0.000526732710476
48  0.800840006926  0.000515848800879
49  0.800772855649  0.000509673285472
50  0.800887464105  0.000512203559597
51  0.800730083267  0.00052578330736
52  0.800808677593  0.000521513166306
53  0.800743802522  0.000515692665402
54  0.800765453402  0.000506597093475
55  0.800922821239  0.000521255636697
56  0.80081971834  0.000522044658761
57  0.800813959931  0.000512917738595
58  0.800843585571  0.000504929178853
59  0.800808698248  0.000497574841104
60  0.800737231163  0.000494387725039
61  0.80077529663  0.000487746235373
62  0.800727113182  0.000482253459874
63  0.80062655376  0.00048496964663
64  0.800445766022  0.000509977090831
65  0.800381084371  0.000506216537696
66  0.800433842841  0.000501288325408
67  0.800343370669  0.000501904191197
68  0.800226806111  0.000507878651941
69  0.800261258679  0.000501685296828
70  0.800315014946  0.000497390054828
71  0.80029609801  0.000490744157471
72  0.800250659635  0.000486027300983
73  0.800302103344  0.00048208424272
74  0.800219449384  0.000482603142187
75  0.800265028169  0.000478315903761
76  0.800170706684  0.000481232282017
77  0.800195045438  0.000475597591005
78  0.800214772917  0.000469909149363
79  0.800195324933  0.0004643632017
80  0.800313994601  0.000473479149657
81  0.80027681053  0.00046909155708
82  0.800254033705  0.000463923565207
83  0.800318707849  0.000462820181289
84  0.800242154222  0.000463598434153
85  0.800345292888  0.000469477015284
86  0.800378843965  0.00046521529585
87  0.800297288163  0.000466961955644
88  0.800263725774  0.000462860128633
89  0.80021211703  0.000460527644036
90  0.800245148319  0.00045659371622
91  0.800185302167  0.00045548136202
92  0.800085496211  0.000461335741036
93  0.800160841905  0.000462486973699
94  0.800154363804  0.000457612266958
95  0.800179313724  0.00045347494499
96  0.80016318107  0.000449038120576
97  0.800100662455  0.000448739923445
98  0.800142195259  0.000446078823465
99  0.800122238791  0.000442019152967
100  0.80010710211  0.000437858058005
