1  1.20361439605  0
2  1.20502114927  0.000994724742315
3  1.20379313746  0.00120212715577
4  1.20173596767  0.00199670600048
5  1.20135373911  0.00163354009626
6  1.20133809586  0.00136135831365
7  1.20051901241  0.00139163958334
8  1.20044202107  0.00121981251809
9  1.2015268459  0.00149055114022
10  1.20140201273  0.00134671324992
11  1.20162405877  0.00124245540206
12  1.20171310678  0.00114210407337
13  1.20187232315  0.00106528998175
14  1.20197539612  0.000994171788419
15  1.20173789614  0.000955841244067
16  1.20202598832  0.000938513230834
17  1.20221799306  0.000902733480814
18  1.20194276534  0.000893553224762
19  1.20227052599  0.000904641394184
20  1.20160540914  0.00107649699667
21  1.20196045612  0.00108220278428
22  1.20115460231  0.00129884388505
23  1.20128104634  0.00124851198152
24  1.20129720107  0.00119659515891
25  1.20152805118  0.00117078769246
26  1.20144125409  0.00112897019055
27  1.20163268538  0.00110326691746
28  1.20181152009  0.00107826127618
29  1.20188402538  0.00104351473427
30  1.20171855834  0.00102176550383
31  1.20149258102  0.0010134862813
32  1.20156862101  0.000984663272603
33  1.20150362654  0.000956967625572
34  1.20160080262  0.000933742395971
35  1.20129366668  0.000956243925607
36  1.20145121849  0.000942571442717
37  1.20148108176  0.000917569492266
38  1.20135648013  0.000901843402857
39  1.20142155809  0.00088106413061
40  1.20115492514  0.000898477198541
41  1.20102023479  0.000886601330489
42  1.20111828581  0.00087089672811
43  1.20107638795  0.000851650549126
44  1.20112136421  0.000833481622543
45  1.20109874798  0.000815266592463
46  1.20119765028  0.000803520069803
47  1.20127459144  0.00079009906572
48  1.20126001039  0.00077377320132
49  1.20115928347  0.000764509928212
50  1.20133119616  0.000768305339403
51  1.2010951249  0.00078867496104
52  1.20121301639  0.000782269749455
53  1.20111570378  0.000773538998096
54  1.2011481801  0.000759895640217
55  1.20138423186  0.000781883455038
56  1.20122957751  0.000783066988141
57  1.2012209399  0.000769376607887
58  1.20126537836  0.00075739376827
59  1.20121304737  0.000746362261645
60  1.20110584674  0.000741581587548
61  1.20116294495  0.000731619353055
62  1.20109066977  0.000723380189811
63  1.20093983064  0.000727454469946
64  1.20066864903  0.000764965636246
65  1.20057162656  0.000759324806542
66  1.20065076426  0.000751932488109
67  1.200515056  0.000752856286796
68  1.20034020917  0.000761817977913
69  1.20039188802  0.000752527945239
70  1.20047252242  0.000746085082244
71  1.20044414702  0.000736116236207
72  1.20037598945  0.000729040951474
73  1.20045315502  0.00072312636408
74  1.20032917408  0.000723904713276
75  1.20039754225  0.000717473855636
76  1.20025606003  0.000721848423021
77  1.20029256816  0.000713396386499
78  1.20032215937  0.000704863724033
79  1.2002929874  0.000696544802538
80  1.2004709919  0.000710218724471
81  1.2004152158  0.000703637335609
82  1.20038105056  0.000695885347802
83  1.20047806177  0.000694230271927
84  1.20036323133  0.000695397651219
85  1.20051793933  0.000704215522914
86  1.20056826595  0.000697822943759
87  1.20044593224  0.000700442933452
88  1.20039558866  0.000694290192936
89  1.20031817554  0.000690791466043
90  1.20036772248  0.000684890574322
91  1.20027795325  0.000683222043015
92  1.20012824432  0.00069200361154
93  1.20024126286  0.000693730460537
94  1.20023154571  0.000686418400425
95  1.20026897059  0.000680212417473
96  1.20024477161  0.000673557180851
97  1.20015099368  0.000673109885153
98  1.20021329289  0.000669118235178
99  1.20018335819  0.00066302872943
100  1.20016065317  0.000656787086991
