1  -5.4598484492  0
2  -5.45925431862  0.000420113760707
3  -5.45960868669  0.000402691322463
4  -5.45973353404  0.000320788579466
5  -5.4598231102  0.00026884663364
6  -5.45966171736  0.000268141352814
7  -5.45955471519  0.000250276168081
8  -5.45943986681  0.000243923600411
9  -5.45949240997  0.000222408108033
10  -5.45953955985  0.000205104232682
11  -5.45956745217  0.000188345397707
12  -5.45963402804  0.000184040727212
13  -5.45960584723  0.000172027779753
14  -5.45971798648  0.000192857140591
15  -5.45972266638  0.000180056770859
16  -5.45977150454  0.000175301514993
17  -5.45985290798  0.000182916135475
18  -5.45988686615  0.000175878031243
19  -5.45984495287  0.000171542761725
20  -5.45977735006  0.000175782328007
21  -5.45981026793  0.000170466060156
22  -5.45976641493  0.000168263753366
23  -5.45973752476  0.000163409276821
24  -5.45970656324  0.000159506764384
25  -5.45974492161  0.000157671282993
26  -5.45977132636  0.000153802075549
27  -5.45982212621  0.000156270103514
28  -5.4598041384  0.000151720759844
29  -5.45983266268  0.000149146263353
30  -5.4598058407  0.000146566668107
31  -5.4598381179  0.000145349340895
32  -5.4598189482  0.000142065667107
33  -5.45978090253  0.000142764162001
34  -5.45981580559  0.000142768036697
35  -5.45982651226  0.000139089836414
36  -5.4598158376  0.000135635233196
37  -5.45981456504  0.00013197538593
38  -5.45979937567  0.000129373486332
39  -5.45976037293  0.000131804318104
40  -5.45978350665  0.000130523588062
41  -5.45981494685  0.000131072019034
42  -5.45980051907  0.000128742878334
43  -5.45981338021  0.000126389626134
44  -5.45984674301  0.000127844678666
45  -5.45984668447  0.000125003699189
46  -5.45986872847  0.000124214717112
47  -5.45987108447  0.000121594191801
48  -5.45987079917  0.00011906131424
49  -5.45987809527  0.000116854831239
50  -5.459885279  0.000114738334927
51  -5.45988354965  0.000112501595885
52  -5.45990971095  0.00011333908863
53  -5.45991074346  0.000111205317668
54  -5.45989064084  0.000110948059741
55  -5.45989667778  0.000109094940584
56  -5.45989791919  0.000107153880257
57  -5.45990270284  0.000105380711502
58  -5.45991089532  0.000103881763775
59  -5.45992334249  0.000102864066314
60  -5.45992995113  0.000101361733343
61  -5.45992498598  9.9821599534e-05
62  -5.45993621945  9.88416345251e-05
63  -5.45994253248  9.74741181954e-05
64  -5.45993950476  9.59980967977e-05
65  -5.45993304279  9.47384414847e-05
66  -5.45991506075  9.49942444075e-05
67  -5.45991639172  9.35857446644e-05
68  -5.45990683415  9.26962387403e-05
69  -5.45991121708  9.14563750135e-05
70  -5.45991976723  9.05486453749e-05
71  -5.45994300647  9.22072651298e-05
72  -5.45994570292  9.0966026442e-05
73  -5.45997138647  9.32752468509e-05
74  -5.45996809729  9.20727457682e-05
75  -5.45996390394  9.09405494949e-05
76  -5.45997213844  9.01160019385e-05
77  -5.45995812993  9.0027890383e-05
78  -5.45994413332  8.99551311782e-05
79  -5.45993939632  8.89410959705e-05
80  -5.45994351588  8.7924684412e-05
81  -5.45992764509  8.82599448572e-05
82  -5.4599369935  8.76772944434e-05
83  -5.45993825788  8.66300576335e-05
84  -5.45994071104  8.56334733819e-05
85  -5.45993491957  8.48216360153e-05
86  -5.45994231132  8.4156798013e-05
87  -5.45994410427  8.32085753629e-05
88  -5.45994788986  8.23490912944e-05
89  -5.45995164049  8.1509187852e-05
90  -5.45995755563  8.08178765763e-05
91  -5.45993439645  8.31818587814e-05
92  -5.45992601462  8.26989277914e-05
93  -5.45993354916  8.21522033243e-05
94  -5.45993585285  8.13105370427e-05
95  -5.45993804701  8.04842360464e-05
96  -5.45992846271  8.02144914195e-05
97  -5.45992936158  7.93925746793e-05
98  -5.45993500858  7.8783018997e-05
99  -5.45994705517  7.890286784e-05
100  -5.45994738351  7.81145221822e-05
