1.542
1.47714
1.28503
0.986892
0.662547
0.445294
0.412029
0.509945
0.633679
0.712036
0.725323
0.692451
0.654035
0.647915
0.685189
0.749017
0.811334
0.851226
0.866976
0.872617
0.879776
0.887513
0.888264
0.87257
0.835045
0.784082
0.744232
0.735684
0.754887
0.780603
0.794672
0.793748
0.783723
0.771856
0.764884
0.767293
0.783428
0.817176
0.861195
0.893617
0.897715
0.876451
0.841454
0.806407
0.785168
0.782898
0.791305
0.79395
0.780859
0.756392
0.735925
0.733632
0.748778
0.769195
0.787411
0.806362
0.827513
0.845071
0.851868
0.844531
0.825989
0.805087
0.790536
0.786264
0.791488
0.803597
0.816408
0.819331
0.805982
0.782482
0.76528
0.766961
0.780685
0.787227
0.775963
0.753769
0.737769
0.738078
0.748452
0.762005
0.784842
0.817786
0.847629
0.868435
0.880175
0.881039
0.872905
0.860597
0.848403
0.839033
0.831858
0.819801
0.793579
0.752448
0.708515
0.679151
0.67434
0.691644
0.721927
0.760291
0.804988
0.847415
0.876623
0.888163
0.882377
0.86406
0.845348
0.83503
0.82788
0.81363
0.790224
0.765435
0.748256
0.744147
0.755178
0.778759
0.80869
0.837278
0.856832
0.863563
0.86019
0.852254
0.842399
0.829638
0.81305
0.794563
0.77636
0.7571
0.736034
0.71581
0.703775
0.713027
0.747317
0.79233
0.829819
0.847857
0.846159
0.838757
0.841063
0.852854
0.860553
0.852734
0.828662
0.799888
0.786387
0.799441
0.829713
0.855442
0.858726
0.832979
0.782532
0.728789
0.706157
0.726969
0.764568
0.786481
0.781783
0.76028
0.741376
0.742894
0.773559
0.826458
0.882585
0.921782
0.930777
0.908659
0.865557
0.816579
0.772694
0.736592
0.711012
0.704023
0.722422
0.765237
0.819233
0.862806
0.877711
0.859335
0.819948
0.778924
0.749482
0.740055
0.749671
0.765414
0.778122
0.784362
0.78417
0.782263
0.787025
0.803913
0.827023
0.84277
0.844383
0.838969
0.838298
0.844924
0.851149
0.84689
0.827526
0.796153
0.76191
0.737293
0.732236
0.746581
0.766565
0.775621
0.77106
0.769221
0.78745
0.816678
0.837934
0.845556
0.844446
0.843005
0.846685
0.851181
0.844315
0.818749
0.781398
0.754461
0.753764
0.772268
0.794922
0.81029
0.814588
0.81301
0.814356
0.819106
0.816891
0.799841
0.778171
0.774763
0.79577
0.821658
0.835447
0.838349
0.840089
0.8437
0.841788
0.8245
0.793801
0.768602
0.765393
0.779009
0.791349
0.791359
0.783119
0.779684
0.785708
0.791498
