0.0512992784003  0  0
0.0769489176005  0  0
0.102598556801  0  0
0.128248196001  0  0
0.153897835201  0  0
0.179547474401  0  0
0.205197113601  0  0
0.230846752801  0  0
0.256496392002  0  0
0.282146031202  0  0
0.307795670402  0  0
0.333445309602  0  0
0.359094948802  0  0
0.384744588002  0  0
0.410394227202  0  0
0.436043866403  0  0
0.461693505603  0  0
0.487343144803  0  0
0.512992784003  0  0
0.538642423203  0  0
0.564292062403  0  0
0.589941701603  0  0
0.615591340804  0  0
0.641240980004  0  0
0.666890619204  0  0
0.692540258404  0  0
0.718189897604  0  0
0.743839536804  0  0
0.769489176005  0  0
0.795138815205  0  0
0.820788454405  0  0
0.846438093605  0  0
0.872087732805  0  0
0.897737372005  5.19670944364e-05  2.68915417496e-05
0.923387011205  0.0015321148453  0.000189562484579
0.949036650406  0.0213765823857  0.000875520601632
0.974686289606  0.153275338232  0.00184927177324
1.00033592881  0.512752421093  0.00364228176996
1.02598556801  1.10000039611  0.00628970945082
1.05163520721  1.69939387427  0.00742657444982
1.07728484641  2.12403477222  0.00893421873025
1.10293448561  2.31632337922  0.00838646446327
1.12858412481  2.30449850565  0.00738362077419
1.15423376401  2.188148079  0.00812315243569
1.17988340321  1.99608405822  0.00753146595782
1.20553304241  1.80801572004  0.00725600106782
1.23118268161  1.6180271329  0.00698565812943
1.25683232081  1.43880178463  0.00696255512739
1.28248196001  1.29265511699  0.00641920854115
1.30813159921  1.16075507408  0.00600760958692
1.33378123841  1.03979927332  0.00621479270938
1.35943087761  0.954823181059  0.00579041189805
1.38508051681  0.869097225671  0.00505842417318
1.41073015601  0.805724543937  0.00433021240919
1.43637979521  0.759251386405  0.00456845241541
1.46202943441  0.722290128643  0.00443437791672
1.48767907361  0.686338192976  0.00411695752149
1.51332871281  0.661448999958  0.00424732390899
1.53897835201  0.643602259843  0.00376857917476
1.56462799121  0.636496596049  0.00362389627754
1.59027763041  0.630348064398  0.00344506440421
1.61592726961  0.629425135648  0.00353103410028
1.64157690881  0.634595125847  0.00351274120106
1.66722654801  0.645071389663  0.00370629346833
1.69287618721  0.662543929818  0.003877757609
1.71852582641  0.684685464366  0.00383214183252
1.74417546561  0.711819089615  0.00341255947685
1.76982510481  0.736368554525  0.00371469985806
1.79547474401  0.764315310765  0.00396290604098
1.82112438321  0.804219312906  0.00353981030231
1.84677402241  0.84871529972  0.003754283098
1.87242366161  0.889560852783  0.00417112240735
1.89807330081  0.932272676924  0.00419075533841
1.92372294001  0.970084438021  0.00419045975966
1.94937257921  1.00032925432  0.00358929178514
1.97502221841  1.03676579044  0.00374937210041
2.00067185761  1.07427808984  0.00322100561207
2.02632149681  1.10786486097  0.00344921257929
2.05197113601  1.12379760318  0.00368894497732
2.07762077521  1.13633856829  0.00355324191561
2.10327041441  1.15348607658  0.00387364258571
2.12892005361  1.15148500235  0.00377223853235
2.15456969281  1.14857928227  0.00394976071092
2.18021933201  1.14018376614  0.00362240176284
2.20586897121  1.12441224303  0.00415383146733
2.23151861041  1.10344800418  0.00346331230666
2.25716824961  1.08016325339  0.00370078980351
2.28281788881  1.05340244489  0.00362696588646
2.30846752801  1.02105278319  0.00362742327827
2.33411716721  0.993357374054  0.00345546022451
2.35976680641  0.967296993861  0.00342207311413
2.38541644561  0.945955324578  0.00356229321895
2.41106608481  0.923559852131  0.00351024812091
2.43671572401  0.904568676876  0.00313429249341
2.46236536321  0.882513184286  0.00292260110792
2.48801500241  0.872882375944  0.00313974997503
2.51366464161  0.863401380604  0.00302458452004
2.53931428081  0.857773943281  0.0025334006145
2.56496392002  0.852763636887  0.00243252059186
2.59061355922  0.855828552459  0.00265347013559
