1  -5.03706489088  0
2  -5.0247288774  0.00872287878726
3  -5.01910996974  0.00740710767608
4  -5.02963347078  0.0106733197913
5  -5.03084531093  0.00860717657987
6  -5.03658023738  0.00888001604427
7  -5.04100494085  0.00864379533806
8  -5.04091364987  0.00756380298789
9  -5.03236400066  0.0104965952828
10  -5.03045199915  0.0096194994645
11  -5.03017870311  0.00874888090818
12  -5.03171755107  0.00815401910813
13  -5.03335712066  0.00768985859916
14  -5.03506028856  0.00732676651963
15  -5.03438168936  0.0068696691944
16  -5.03605627576  0.0066412822737
17  -5.03617868496  0.00625174660514
18  -5.03602756361  0.00590625356949
19  -5.0345782449  0.00577048099203
20  -5.03460009129  0.00548199829627
21  -5.03500363176  0.00523578238798
22  -5.03254153242  0.00554655915131
23  -5.03376533782  0.0054387404966
24  -5.03327109294  0.0052345353583
25  -5.03426872204  0.00511933837828
26  -5.03498574218  0.00497240053111
27  -5.03568877238  0.0048376817455
28  -5.03500608597  0.0047128310748
29  -5.03339833053  0.0048167575021
30  -5.03131374709  0.00508732020852
31  -5.02996087766  0.00509992573041
32  -5.02938634413  0.00497280986529
33  -5.02846097598  0.00490746226559
34  -5.02764580153  0.00483035465403
35  -5.02594827276  0.00498170347323
36  -5.02679251237  0.0049143380138
37  -5.02663317917  0.00478410032911
38  -5.02626086771  0.00467266762997
39  -5.02612416024  0.00455485501454
40  -5.02602972007  0.00444196259046
41  -5.02614638533  0.0043351538373
42  -5.02667859885  0.00426447986538
43  -5.02552812235  0.00431770636387
44  -5.02541504444  0.00422105713226
45  -5.02502900154  0.00414487132762
46  -5.02517224261  0.00405723978194
47  -5.02598523793  0.00405155137438
48  -5.02549568628  0.00399661104399
49  -5.02539886597  0.00391622014284
50  -5.02495301608  0.00386319171023
51  -5.02501266707  0.00378790335626
52  -5.02460970039  0.00373643188533
53  -5.02438886655  0.00367245332873
54  -5.02461819365  0.00361159802469
55  -5.02321623326  0.00380833227973
56  -5.02313721229  0.00374114607887
57  -5.02290694643  0.00368259149929
58  -5.02312046793  0.00362528338648
59  -5.02318633595  0.00356443623538
60  -5.02291953607  0.00351499983664
61  -5.02299473628  0.00345818121502
62  -5.02330135271  0.00341596998442
63  -5.02323254953  0.00336244107121
64  -5.02355458709  0.0033252887325
65  -5.02367409276  0.00327627716397
66  -5.02347767345  0.00323251910236
67  -5.02340992892  0.00318498233705
68  -5.02388544531  0.00317344302538
69  -5.02373620895  0.00313095817319
70  -5.02373863146  0.00308623113646
71  -5.02448917684  0.00313269716776
72  -5.02403609262  0.00312178049225
73  -5.02390635832  0.0030817109325
74  -5.02450238321  0.00309716765686
75  -5.02469743918  0.00306200812499
76  -5.02495114575  0.00303221091816
77  -5.02449745973  0.00302658199853
78  -5.02431858868  0.00299306063932
79  -5.02449301917  0.00296025218877
80  -5.02487844845  0.00294823399817
81  -5.02543336271  0.00296359872571
82  -5.02596861607  0.00297540054728
83  -5.02636747134  0.00296616534282
84  -5.0267069935  0.00295022156173
85  -5.02746280005  0.00301077058261
86  -5.02721157338  0.00298622473691
87  -5.02768818537  0.00298969286731
88  -5.02795128019  0.0029672727562
89  -5.02782642314  0.00293655830849
90  -5.02813334676  0.00291992537317
91  -5.02804470763  0.00288918336098
92  -5.02834025257  0.00287285560228
93  -5.02776540838  0.00289890598733
94  -5.02742460085  0.00288803046014
95  -5.02739996338  0.00285773522733
96  -5.02755348702  0.0028320879585
97  -5.02752361627  0.00280304869814
98  -5.0271915958  0.00279404083983
99  -5.027195088  0.00276582038747
100  -5.02666199023  0.00278906497556
