1  1.32212409747  0
2  1.36355639343  0.0292970574342
3  1.39412167697  0.03169067449
4  1.43580687493  0.0432222153418
5  1.42149933107  0.0368698655306
6  1.43009506913  0.0317110548494
7  1.42370237279  0.0278178007105
8  1.40439444814  0.0303094058258
9  1.38752467991  0.0312861463003
10  1.4201291175  0.0418281126181
11  1.42723397441  0.0386242536753
12  1.41428628477  0.0375130182654
13  1.4077341463  0.0351949585005
14  1.39750468589  0.0341352801763
15  1.38612580631  0.0337028300989
16  1.39032828293  0.0318573336211
17  1.37973016352  0.03169725089
18  1.37122077452  0.0310575039091
19  1.37150941418  0.0294242396774
20  1.38648075014  0.0315326118934
21  1.38855387016  0.0300991307121
22  1.38627490924  0.0288171352179
23  1.40363982776  0.0323761635067
24  1.40245757366  0.0310487348977
25  1.40539818924  0.0299457141035
26  1.40085941389  0.0291358893805
27  1.39552468759  0.0285409932067
28  1.39015922631  0.0280214642086
29  1.3906707758  0.0270598757483
30  1.40158571267  0.0282736508506
31  1.4151241312  0.0304307945697
32  1.42424944151  0.0308176827398
33  1.42797524516  0.0301081927574
34  1.43581131798  0.0302251841652
35  1.43497752613  0.0293731057134
36  1.44149749947  0.0292718652661
37  1.4385811198  0.0286256457468
38  1.44379934112  0.0283439686011
39  1.44360927937  0.0276178374018
40  1.44371129815  0.026927579892
41  1.44465210885  0.0262872397956
42  1.44561380992  0.0256789387032
43  1.44199652089  0.0253352495663
44  1.45052082083  0.0261542067187
45  1.44707032883  0.0257996076958
46  1.44771368733  0.0252467670212
47  1.44801264359  0.0247113717276
48  1.44583482223  0.024292327987
49  1.4492047784  0.0240291780892
50  1.44854308333  0.0235577033636
51  1.45007504109  0.0231455456283
52  1.44945986555  0.0227086127536
53  1.45040329238  0.0222997370328
54  1.45319158139  0.0220604096677
55  1.45116275785  0.0217524033784
56  1.45740030531  0.0222403089512
57  1.45630136526  0.0218772617052
58  1.45807160183  0.0215715695238
59  1.45489752885  0.02143819684
60  1.45507954265  0.0210816662087
61  1.45522210362  0.0207365471391
62  1.45361642445  0.0204641580186
63  1.45128491324  0.0202717112522
64  1.45101512722  0.0199567609065
65  1.44785104981  0.019898979962
66  1.44653143278  0.0196411872657
67  1.44771178775  0.0193834700203
68  1.44854264046  0.0191162175248
69  1.44492102139  0.0191791656729
70  1.44643725459  0.0189650167565
71  1.44578682427  0.0187090542036
72  1.44156158716  0.0189203035361
73  1.44218469136  0.0186713788523
74  1.44383915076  0.0184922179616
75  1.44380606874  0.0182456846468
76  1.44351093295  0.0180079966969
77  1.44265976121  0.0177942311181
78  1.44276876537  0.0175664338164
79  1.44334333477  0.0173534679644
80  1.44386267676  0.0171443190987
81  1.44397921656  0.0169330569276
82  1.44285285167  0.0167639765377
83  1.43828350627  0.0171734457373
84  1.43591952874  0.0171309316963
85  1.435209233  0.0169441103363
86  1.43224827546  0.0170038291942
87  1.43454074949  0.0169622158025
88  1.43153109013  0.0170343775393
89  1.42962100261  0.0169497320708
90  1.43142756459  0.0168574016585
91  1.43073968754  0.0166861842155
92  1.4314121689  0.0165183581557
93  1.43023950959  0.016382312812
94  1.43301368633  0.0164412442887
95  1.43462700867  0.0163471417878
96  1.43357787413  0.0162104900265
97  1.43279538226  0.0160622461894
98  1.43160055034  0.0159427241177
99  1.43400391146  0.0159618115684
100  1.43541010853  0.0158640138122
