1  1.10504446434  0
2  1.0973657051  0.005429702726
3  1.09397247213  0.00455839721727
4  1.1008402494  0.00686024435477
5  1.10159392305  0.00552944019302
6  1.1054576354  0.00580281520668
7  1.1081446268  0.00556125934734
8  1.10801860529  0.00486752958122
9  1.10235752336  0.00687075312654
10  1.10106558174  0.00630397280632
11  1.10089885263  0.00573308879281
12  1.10192008911  0.00534551416239
13  1.1029719979  0.00503675661662
14  1.10401832788  0.00478443574559
15  1.10348619563  0.00449496823533
16  1.10462348228  0.00435553141231
17  1.10474990539  0.00410115804243
18  1.10462626755  0.00387517913927
19  1.10367142536  0.00378703203508
20  1.1037471758  0.00359843795601
21  1.10406733313  0.00344129668542
22  1.10255211217  0.00360304504918
23  1.10332789576  0.00352892102019
24  1.10304809813  0.00339295667344
25  1.1037057433  0.00332036132399
26  1.10421044762  0.00323078566048
27  1.10465275165  0.00314125738868
28  1.10418844936  0.00306319118618
29  1.1031822491  0.00311844697112
30  1.10185595178  0.00328445303434
31  1.10100154846  0.0032877556782
32  1.10064150713  0.00320466669651
33  1.10003538965  0.00316435576914
34  1.09953090577  0.00311124078631
35  1.09839602367  0.00322269253574
36  1.0989596481  0.00318207843579
37  1.09889070828  0.00309682301732
38  1.09865763456  0.00302408577642
39  1.09860129279  0.00294706992084
40  1.0985463346  0.00287390556862
41  1.09854478215  0.00280381073016
42  1.0988896425  0.00275818019116
43  1.09814629728  0.00279240833676
44  1.09810592057  0.0027292364079
45  1.09781978438  0.00268354421043
46  1.09788430982  0.00262598193095
47  1.09841509898  0.00262320567276
48  1.09810999326  0.00258623815029
49  1.09802547603  0.00253483839845
50  1.09770800695  0.00250394299532
51  1.09773833312  0.00245502971262
52  1.09748662726  0.00242068648622
53  1.09734394457  0.00237921451844
54  1.09748000209  0.00233904204112
55  1.09657063484  0.00246695965188
56  1.09654067008  0.00242308877667
57  1.09637973814  0.00238591669247
58  1.09650093158  0.002347856211
59  1.09654591452  0.00230849291525
60  1.096325126  0.00228055190281
61  1.09637463678  0.00224370318106
62  1.0965760729  0.00221653828478
63  1.09653048445  0.00218182390515
64  1.09670996879  0.00215510276151
65  1.09675144675  0.00212234644736
66  1.09659433071  0.00209599721837
67  1.09652909989  0.00206572847257
68  1.09683922146  0.00205849729811
69  1.09674687021  0.00203073454426
70  1.09677247339  0.00200188544464
71  1.09726414668  0.0020331722819
72  1.09697507285  0.00202537960094
73  1.09690286686  0.00199892135392
74  1.09727392512  0.00200605292981
75  1.09740752276  0.00198374918832
76  1.0975705896  0.0019643379479
77  1.09726406056  0.0019625978142
78  1.09714210382  0.00194122182967
79  1.09726993573  0.00192085373614
80  1.09753905294  0.00191560235504
81  1.09790541103  0.00192666737643
82  1.0982530605  0.00193428223152
83  1.09850557627  0.00192738980441
84  1.09873523743  0.00191807870305
85  1.09924147676  0.00196118153633
86  1.09908312683  0.00194475934607
87  1.09940500434  0.00194886076663
88  1.09958562458  0.00193506645397
89  1.09949650397  0.00191537528533
90  1.09969207435  0.00190405156635
91  1.09961885194  0.00188453532111
92  1.09981203068  0.00187392620624
93  1.09941932843  0.00189447723724
94  1.09919177339  0.00188794014212
95  1.09918937176  0.00186806861554
96  1.09928119386  0.00185086488018
97  1.09926008083  0.00183190421432
98  1.09905392638  0.00182477430295
99  1.09906321929  0.0018063659018
100  1.09871990221  0.00182063529127
