-3 0 0
-2.97 2e-06 1.13724814062e-06
-2.94 1.66666666667e-06 9.86013297183e-07
-2.91 4.33333333333e-06 1.86517797781e-06
-2.88 1.66666666667e-06 1.19023807142e-06
-2.85 2.33333333333e-06 9.72396809721e-07
-2.82 5.33333333333e-06 1.98438347548e-06
-2.79 6.33346668e-06 2.19578000475e-06
-2.76 1.76666666667e-05 4.62973481362e-06
-2.73 1.56666666667e-05 2.92327822069e-06
-2.7 2.26666666667e-05 4.44422221667e-06
-2.67 2.66666666667e-05 5.20683311727e-06
-2.64 3.7e-05 5.59553393342e-06
-2.61 6.93333333333e-05 7.84120172196e-06
-2.58 8.03333333333e-05 7.66079485287e-06
-2.55 0.000127333333333 1.06810319934e-05
-2.52 0.000146 1.1467635618e-05
-2.49 0.000203333333333 1.30511813003e-05
-2.46 0.00025600020004 1.59574489213e-05
-2.43 0.00036100013336 1.85176088493e-05
-2.4 0.000437666666667 2.30634631687e-05
-2.37 0.000561 2.18227964396e-05
-2.34 0.000782333333333 2.65516477831e-05
-2.31 0.000972666700003 2.86293562703e-05
-2.28 0.00114666676668 3.65148514094e-05
-2.25 0.0015553339001 3.87591052428e-05
-2.22 0.00184600073347 4.53180772492e-05
-2.19 0.002298 4.67352353393e-05
-2.16 0.00295100053342 5.14510175861e-05
-2.13 0.00375800013335 6.00437238907e-05
-2.1 0.00445033346669 6.25894815373e-05
-2.07 0.00553133393343 7.41932166938e-05
-2.04 0.0067206675668 7.85829495587e-05
-2.01 0.00804000036672 9.01381583779e-05
-1.98 0.00978600060008 9.23353431215e-05
-1.95 0.0119193342335 9.46198782597e-05
-1.92 0.0142663338334 0.000122350607607
-1.89 0.0170536677002 0.000133452337149
-1.86 0.0201583342668 0.000145449221792
-1.83 0.0239930017335 0.000145926507841
-1.8 0.0278976679668 0.000170612815191
-1.77 0.0326950015002 0.000198551598263
-1.74 0.0382430026671 0.000203615263389
-1.71 0.0442643371005 0.000224761096003
-1.68 0.0509783364004 0.000220822040537
-1.65 0.0587293386341 0.000239818251732
-1.62 0.0673650033004 0.000220667987074
-1.59 0.076324338134 0.000266641695294
-1.56 0.0867763392008 0.000303423185641
-1.53 0.0976890071343 0.000287778597767
-1.5 0.109080340401 0.000331257439267
-1.47 0.122425339434 0.000302501983617
-1.44 0.135436341834 0.00036065850465
-1.41 0.149039340934 0.000340549615239
-1.38 0.164109007601 0.000376463456299
-1.35 0.179274010901 0.000435373929635
-1.32 0.194973678302 0.000401201719288
-1.29 0.212804013835 0.000423019232134
-1.26 0.229822347269 0.00043588751421
-1.23 0.246351681269 0.000458855590505
-1.2 0.263404349502 0.000484817883594
-1.17 0.280261352136 0.000518043989552
-1.14 0.296736685703 0.000550641581236
-1.11 0.312249683402 0.000475406192127
-1.08 0.327683353469 0.000534650873614
-1.05 0.342997356436 0.000633383273096
-1.02 0.35591535567 0.000589021464458
-0.99 0.369938688836 0.000578411536219
-0.96 0.38152002307 0.000640978692463
-0.93 0.39151769107 0.000607617639027
-0.9 0.399281353436 0.000648763107958
-0.87 0.408125687369 0.000686035602363
-0.84 0.41383902457 0.000695151660603
-0.81 0.417585027404 0.000670385180078
-0.78 0.420453356937 0.000743956521239
-0.75 0.42164969107 0.000698093157652
-0.72 0.42067002527 0.000704710155572
-0.69 0.418244024537 0.000647428872628
-0.66 0.417290026137 0.000581894339949
-0.63 0.41251135747 0.000668574525855
-0.6 0.40554202557 0.000676837588084
-0.57 0.400173691303 0.000783224475063
-0.54 0.392644690837 0.000612469780484
-0.51 0.38473335907 0.000654138793303
-0.48 0.377652353803 0.000564223345786
-0.45 0.368104022436 0.000595607978486
-0.42 0.360387354136 0.000649635263396
-0.39 0.351648020969 0.000527635362688
-0.36 0.343015687536 0.000489843792563
-0.33 0.334871021269 0.00057794717454
-0.3 0.326077020736 0.000552516493521
-0.27 0.318532686703 0.000493580151232
-0.24 0.311413352136 0.000530922928304
-0.21 0.305851686036 0.000494260887923
-0.18 0.300471018402 0.00045876916587
-0.15 0.295452349669 0.000498785026257
-0.12 0.292419017269 0.000469560295098
-0.09 0.289113350769 0.000500553360231
-0.06 0.286689683802 0.000488610250712
-0.03 0.286252683169 0.000464460461626
0 0.285450019169 0.000480077916403
0.03 0.287115682702 0.000534387742222
0.06 0.288829350035 0.000480549661943
0.09 0.292474683169 0.000548568283968
0.12 0.295769352403 0.00047072564364
0.15 0.300205018302 0.000502208013975
0.18 0.306065350469 0.000495935748896
0.21 0.312016015802 0.000487470293558
0.24 0.318062685636 0.000542687216446
0.27 0.326457021703 0.000536373762369
0.3 0.334719020636 0.000579062061635
0.33 0.34298868927 0.000584482180762
0.36 0.351209357803 0.000562750606022
0.39 0.359677352302 0.000558083707164
0.42 0.368528021503 0.000536157759404
0.45 0.377554351536 0.000608872418804
0.48 0.385882688269 0.000624120274355
0.51 0.392694687203 0.000596540863103
0.54 0.40034835507 0.000584238423954
0.57 0.40696235657 0.000608605832308
0.6 0.412420363004 0.000578950238673
0.63 0.41735402537 0.000805211552265
0.66 0.41919169067 0.000619406232722
0.69 0.421249358203 0.000718927567945
0.72 0.41970369287 0.000703918264617
0.75 0.419003690403 0.000634533507229
0.78 0.418074694571 0.000652742974342
0.81 0.413189359403 0.000602833601911
0.84 0.407856358803 0.000663510539277
0.87 0.400142691603 0.000585696680459
0.9 0.390375689903 0.000620926226527
0.93 0.381755355503 0.000640706964839
0.96 0.369777016869 0.000539774283504
0.99 0.357017686769 0.000610292627262
1.02 0.343369685536 0.000575491073694
1.05 0.328161354003 0.000565124895146
1.08 0.313194350169 0.000534680255244
1.11 0.296206022103 0.000562225848299
1.14 0.279561016636 0.000463058024355
1.17 0.262989349336 0.000465838069083
1.2 0.245751015002 0.000446574913753
1.23 0.229876012268 0.000485515454817
1.26 0.211930345468 0.000399373151283
1.29 0.195671679968 0.000441703843909
1.32 0.179809343035 0.000374375262517
1.35 0.164351342468 0.000398190442654
1.38 0.149806342301 0.00039329775345
1.41 0.134846676501 0.000355581732003
1.44 0.121654340401 0.000323159438271
1.47 0.109437339701 0.000277417695652
1.5 0.0970626730341 0.00033061318732
1.53 0.0866783380006 0.000326376054343
1.56 0.0762920049339 0.000289277287115
1.59 0.0672276706005 0.000255216752738
1.62 0.0584506704339 0.000228074466655
1.65 0.0509540034339 0.000217801333297
1.68 0.044219335967 0.000219985791001
1.71 0.0382306690336 0.000199953327115
1.74 0.0329810022336 0.000177498161755
1.77 0.0283300014335 0.000177168116031
1.8 0.0241616683669 0.000139810510471
1.83 0.0202683347002 0.000151068315591
1.86 0.0171303346335 0.000148202611271
1.89 0.0140983341001 0.000112286747136
1.92 0.0118896670334 0.000102182540848
1.95 0.00973333406675 9.90656400817e-05
1.98 0.00820100016669 8.19518179371e-05
2.01 0.00664866696671 6.58776922031e-05
2.04 0.00550200033337 7.22477521992e-05
2.07 0.00447033373337 6.1708778174e-05
2.1 0.00356000003334 5.873292096e-05
2.13 0.00293900026669 6.11447575026e-05
2.16 0.00231200023336 4.63477964226e-05
2.19 0.00176733340001 4.18010605818e-05
2.22 0.0015513335667 4.05419558349e-05
2.25 0.0011086667 3.26789805842e-05
2.28 0.000955333333333 2.74194578113e-05
2.31 0.000733333333333 2.77688874662e-05
2.34 0.000497666700003 2.15883482311e-05
2.37 0.000427000166683 1.88661843015e-05
2.4 0.000335 1.84292943134e-05
2.43 0.000240333333333 1.50871173891e-05
2.46 0.000179333333333 1.25943549965e-05
2.49 0.000171333400013 1.39604216114e-05
2.52 0.000119333333333 1.08850560148e-05
2.55 9.500013336e-05 8.30495782545e-06
2.58 6.13336667333e-05 7.06671636975e-06
2.61 5.233336667e-05 8.80978424555e-06
2.64 4.63333333333e-05 6.69817553932e-06
2.67 2.73333333333e-05 4.7930505248e-06
2.7 2.733356669e-05 6.67306903698e-06
2.73 1.6e-05 4.20264466999e-06
2.76 1.36666666667e-05 4.66892802353e-06
2.79 5e-06 1.84842275107e-06
2.82 3.66666666667e-06 1.69279519008e-06
2.85 2e-06 9.21351664072e-07
2.88 3e-06 1.70587221092e-06
2.91 3e-06 2.05993527406e-06
2.94 3.33333333333e-07 3.31662479036e-07
2.97 0 0
