0 -0.442714759945 0
100 -0.443106446018 0.000276963878474
200 -0.4435620544 0.000415305770109
300 -0.443310947775 0.000379881921441
400 -0.443714345415 0.000471743893034
500 -0.443589033952 0.000409425288252
600 -0.4435572839 0.000352164883786
700 -0.443623535125 0.000314314277186
800 -0.443702683433 0.000289184090433
900 -0.443811095047 0.000279849951164
1000 -0.443917192779 0.000273783404602
1100 -0.443847999253 0.000259564564426
1200 -0.443947641736 0.00025801572468
1300 -0.443910652724 0.000242222883241
1400 -0.443881894153 0.000227775512883
1500 -0.44386677737 0.000214040583463
1600 -0.443895011131 0.000203303568753
1700 -0.443923442789 0.000193986798572
1800 -0.443915956213 0.000183921375876
1900 -0.443897112047 0.000175688020052
2000 -0.443951386532 0.000175505195148
2100 -0.443998379469 0.000173705160772
2200 -0.444010207579 0.000166554981532
2300 -0.444015057738 0.00015968579448
2400 -0.443938372471 0.000170721389941
2500 -0.443928861191 0.000164419916785
2600 -0.44390161144 0.000160572500573
2700 -0.443930568779 0.000157427172479
2800 -0.443935420708 0.000152073399492
2900 -0.443922705752 0.000147534881525
3000 -0.443918869296 0.000142825564133
3100 -0.443920432968 0.000138370824631
3200 -0.4438898474 0.000137516555395
3300 -0.443902746689 0.00013407557367
3400 -0.443846471064 0.000141563346
3500 -0.443801737198 0.000144526235611
3600 -0.443831705107 0.000143693499152
3700 -0.443880438607 0.000147945424044
3800 -0.443910099027 0.000147095099301
3900 -0.443926614524 0.000144341905021
4000 -0.443910409191 0.00014172814145
4100 -0.443886003542 0.000140439273975
4200 -0.443921898298 0.000141686163373
4300 -0.44393560984 0.000139127902053
4400 -0.443929159236 0.000136185628493
4500 -0.443915112623 0.000133947518427
4600 -0.443912378617 0.00013112547019
4700 -0.443933220698 0.000130039540245
4800 -0.443950528888 0.000128532366156
4900 -0.443974907373 0.000128252793009
5000 -0.443982719088 0.000125975708525
5100 -0.443977546459 0.000123659248563
5200 -0.44397145024 0.000121476229583
5300 -0.443961869607 0.000119603877548
5400 -0.44397750138 0.00011844636356
5500 -0.443987833058 0.000116780979349
5600 -0.443998916908 0.000115256982094
5700 -0.444017711114 0.000114791890302
5800 -0.444031186871 0.000113634491555
5900 -0.444022316058 0.00011208629611
6000 -0.444048763189 0.000113326015372
6100 -0.44403521617 0.000112304964504
6200 -0.444010804186 0.000113144484971
6300 -0.444026122339 0.00011240874978
6400 -0.444038098579 0.000111315541789
6500 -0.444053100421 0.000110635213241
6600 -0.444070412458 0.000110330108562
6700 -0.444092683374 0.000110932608009
6800 -0.444104945295 0.000110000486414
6900 -0.444090884165 0.000109324059294
7000 -0.444087684946 0.00010783108404
7100 -0.444078961517 0.000106685705018
7200 -0.4440833264 0.000105313510426
7300 -0.444090921926 0.000104163900804
7400 -0.444076923264 0.000103711428401
7500 -0.444074296031 0.00010238007564
7600 -0.444081155395 0.000101279988917
7700 -0.444089680352 0.000100339668163
7800 -0.444072272975 0.000100568166069
7900 -0.444072974258 9.93135090614e-05
8000 -0.444068099667 9.82069729373e-05
8100 -0.444056921683 9.76433975491e-05
8200 -0.444047139258 9.69557599924e-05
8300 -0.444042882714 9.58949144649e-05
8400 -0.444038727981 9.48567000647e-05
8500 -0.444036791228 9.37734850869e-05
8600 -0.4440434976 9.29351284579e-05
8700 -0.444050395979 9.21347177837e-05
8800 -0.44403249876 9.28214936073e-05
8900 -0.444039135125 9.2027074632e-05
9000 -0.444037552729 9.10293916334e-05
9100 -0.44404104099 9.01067522975e-05
9200 -0.444042140484 8.91445703153e-05
9300 -0.444034319127 8.85386737115e-05
9400 -0.444049900499 8.89671586027e-05
9500 -0.444042643904 8.83358632195e-05
9600 -0.444044659248 8.74481707864e-05
9700 -0.444054184933 8.70731108844e-05
9800 -0.444041271879 8.7145835638e-05
9900 -0.444037912693 8.6339095806e-05
