0.795  0.61  -nan
0.795  0.611  -nan
0.795  0.612  -nan
0.795  0.613  -nan
0.795  0.614  -nan
0.795  0.615  -nan
0.795  0.616  -nan
0.795  0.617  -nan
0.795  0.618  -nan
0.795  0.619  -nan
0.796  0.61  -nan
0.796  0.611  -nan
0.796  0.612  -nan
0.796  0.613  -nan
0.796  0.614  -nan
0.796  0.615  -nan
0.796  0.616  -nan
0.796  0.617  -nan
0.796  0.618  -nan
0.796  0.619  -nan
0.797  0.61  -nan
0.797  0.611  -nan
0.797  0.612  -nan
0.797  0.613  -nan
0.797  0.614  -nan
0.797  0.615  -nan
0.797  0.616  -nan
0.797  0.617  -nan
0.797  0.618  -nan
0.797  0.619  -nan
0.798  0.61  -nan
0.798  0.611  -nan
0.798  0.612  -nan
0.798  0.613  -nan
0.798  0.614  -nan
0.798  0.615  -nan
0.798  0.616  -nan
0.798  0.617  -nan
0.798  0.618  -nan
0.798  0.619  -nan
0.799  0.61  -nan
0.799  0.611  -nan
0.799  0.612  -nan
0.799  0.613  -nan
0.799  0.614  -nan
0.799  0.615  -nan
0.799  0.616  -nan
0.799  0.617  -nan
0.799  0.618  -nan
0.799  0.619  -nan
0.8  0.61  -nan
0.8  0.611  -nan
0.8  0.612  -nan
0.8  0.613  -nan
0.8  0.614  -nan
0.8  0.615  -nan
0.8  0.616  -nan
0.8  0.617  -nan
0.8  0.618  -nan
0.8  0.619  -nan
0.801  0.61  -nan
0.801  0.611  -nan
0.801  0.612  -nan
0.801  0.613  -nan
0.801  0.614  -nan
0.801  0.615  -nan
0.801  0.616  -nan
0.801  0.617  -nan
0.801  0.618  -nan
0.801  0.619  -nan
0.802  0.61  -nan
0.802  0.611  -nan
0.802  0.612  -nan
0.802  0.613  -nan
0.802  0.614  -nan
0.802  0.615  -nan
0.802  0.616  -nan
0.802  0.617  -nan
0.802  0.618  -nan
0.802  0.619  -nan
0.803  0.61  -nan
0.803  0.611  -nan
0.803  0.612  -nan
0.803  0.613  -nan
0.803  0.614  -nan
0.803  0.615  -nan
0.803  0.616  -nan
0.803  0.617  -nan
0.803  0.618  -nan
0.803  0.619  -nan
0.804  0.61  -nan
0.804  0.611  -nan
0.804  0.612  -nan
0.804  0.613  -nan
0.804  0.614  -nan
0.804  0.615  -nan
0.804  0.616  -nan
0.804  0.617  -nan
0.804  0.618  -nan
0.804  0.619  -nan
0.805  0.61  -nan
0.805  0.611  -nan
0.805  0.612  -nan
0.805  0.613  -nan
0.805  0.614  -nan
0.805  0.615  -nan
0.805  0.616  -nan
0.805  0.617  -nan
0.805  0.618  -nan
0.805  0.619  -nan
0.806  0.61  -nan
0.806  0.611  -nan
0.806  0.612  -nan
0.806  0.613  -nan
0.806  0.614  -nan
0.806  0.615  -nan
0.806  0.616  -nan
0.806  0.617  -nan
0.806  0.618  -nan
0.806  0.619  -nan
0.807  0.61  -nan
0.807  0.611  -nan
0.807  0.612  -nan
0.807  0.613  -nan
0.807  0.614  -nan
0.807  0.615  -nan
0.807  0.616  -nan
0.807  0.617  -nan
0.807  0.618  -nan
0.807  0.619  -nan
0.808  0.61  -nan
0.808  0.611  -nan
0.808  0.612  -nan
0.808  0.613  -nan
0.808  0.614  -nan
0.808  0.615  -nan
0.808  0.616  -nan
0.808  0.617  -nan
0.808  0.618  -nan
0.808  0.619  -nan
0.809  0.61  -nan
0.809  0.611  -nan
0.809  0.612  -nan
0.809  0.613  -nan
0.809  0.614  -nan
0.809  0.615  -nan
0.809  0.616  -nan
0.809  0.617  -nan
0.809  0.618  -nan
0.809  0.619  -nan
